c:\git\p284\code\imag-code-p284\imag_source\visa\cpp\mimeconverter\clearcanvas\dicom\codec\jpeg\x64\release\vc142.pdb
c:\git\p284\code\imag-code-p284\imag_source\visa\cpp\mimeconverter\clearcanvas\dicom\codec\jpeg\x64\release\assemblyinfo.sbr
c:\git\p284\code\imag-code-p284\imag_source\visa\cpp\mimeconverter\clearcanvas\dicom\codec\jpeg\x64\release\dicomjpegcodec.sbr
c:\git\p284\code\imag-code-p284\imag_source\visa\cpp\mimeconverter\clearcanvas\dicom\codec\jpeg\x64\release\dicomjpegcodecfactory.sbr
c:\git\p284\code\imag-code-p284\imag_source\visa\cpp\mimeconverter\clearcanvas\dicom\codec\jpeg\x64\release\jpeg12codec.sbr
c:\git\p284\code\imag-code-p284\imag_source\visa\cpp\mimeconverter\clearcanvas\dicom\codec\jpeg\x64\release\jpeg16codec.sbr
c:\git\p284\code\imag-code-p284\imag_source\visa\cpp\mimeconverter\clearcanvas\dicom\codec\jpeg\x64\release\jpeg8codec.sbr
c:\git\p284\code\imag-code-p284\imag_source\visa\cpp\mimeconverter\clearcanvas\dicom\codec\jpeg\x64\release\jpeg8codec.obj
c:\git\p284\code\imag-code-p284\imag_source\visa\cpp\mimeconverter\clearcanvas\dicom\codec\jpeg\x64\release\jpeg16codec.obj
c:\git\p284\code\imag-code-p284\imag_source\visa\cpp\mimeconverter\clearcanvas\dicom\codec\jpeg\x64\release\jpeg12codec.obj
c:\git\p284\code\imag-code-p284\imag_source\visa\cpp\mimeconverter\clearcanvas\dicom\codec\jpeg\x64\release\dicomjpegcodecfactory.obj
c:\git\p284\code\imag-code-p284\imag_source\visa\cpp\mimeconverter\clearcanvas\dicom\codec\jpeg\x64\release\dicomjpegcodec.obj
c:\git\p284\code\imag-code-p284\imag_source\visa\cpp\mimeconverter\clearcanvas\dicom\codec\jpeg\x64\release\assemblyinfo.obj
c:\git\p284\code\imag-code-p284\imag_source\visa\cpp\mimeconverter\clearcanvas\dicom\codec\jpeg\x64\release\.netframework,version=v4.5.assemblyattributes.sbr
c:\git\p284\code\imag-code-p284\imag_source\visa\cpp\mimeconverter\clearcanvas\dicom\codec\jpeg\x64\release\.netframework,version=v4.5.assemblyattributes.obj
c:\git3\imag-code\imag_source\visa\dotnet\mimeconverter\clearcanvas\dicom\codec\jpeg\x64\release\vc142.pdb
c:\git3\imag-code\imag_source\visa\dotnet\mimeconverter\clearcanvas\dicom\codec\jpeg\x64\release\assemblyinfo.sbr
c:\git3\imag-code\imag_source\visa\dotnet\mimeconverter\clearcanvas\dicom\codec\jpeg\x64\release\dicomjpegcodec.sbr
c:\git3\imag-code\imag_source\visa\dotnet\mimeconverter\clearcanvas\dicom\codec\jpeg\x64\release\dicomjpegcodecfactory.sbr
c:\git3\imag-code\imag_source\visa\dotnet\mimeconverter\clearcanvas\dicom\codec\jpeg\x64\release\jpeg12codec.sbr
c:\git3\imag-code\imag_source\visa\dotnet\mimeconverter\clearcanvas\dicom\codec\jpeg\x64\release\jpeg16codec.sbr
c:\git3\imag-code\imag_source\visa\dotnet\mimeconverter\clearcanvas\dicom\codec\jpeg\x64\release\jpeg8codec.sbr
c:\git3\imag-code\imag_source\visa\dotnet\mimeconverter\clearcanvas\dicom\codec\jpeg\x64\release\jpeg8codec.obj
c:\git3\imag-code\imag_source\visa\dotnet\mimeconverter\clearcanvas\dicom\codec\jpeg\x64\release\jpeg16codec.obj
c:\git3\imag-code\imag_source\visa\dotnet\mimeconverter\clearcanvas\dicom\codec\jpeg\x64\release\jpeg12codec.obj
c:\git3\imag-code\imag_source\visa\dotnet\mimeconverter\clearcanvas\dicom\codec\jpeg\x64\release\dicomjpegcodecfactory.obj
c:\git3\imag-code\imag_source\visa\dotnet\mimeconverter\clearcanvas\dicom\codec\jpeg\x64\release\dicomjpegcodec.obj
c:\git3\imag-code\imag_source\visa\dotnet\mimeconverter\clearcanvas\dicom\codec\jpeg\x64\release\assemblyinfo.obj
c:\git3\imag-code\imag_source\visa\dotnet\mimeconverter\clearcanvas\dicom\codec\jpeg\x64\release\.netframework,version=v4.5.assemblyattributes.sbr
c:\git3\imag-code\imag_source\visa\dotnet\mimeconverter\clearcanvas\dicom\codec\jpeg\x64\release\.netframework,version=v4.5.assemblyattributes.obj
c:\git\p284\code\imag-code-p284\imag_source\visa\cpp\mimeconverter\clearcanvas\dicom\codec\jpeg\x64\release\clearcanvas.common.dll
c:\git\p284\code\imag-code-p284\imag_source\visa\cpp\mimeconverter\clearcanvas\dicom\codec\jpeg\x64\release\clearcanvas.dicom.dll
c:\git\p284\code\imag-code-p284\imag_source\visa\cpp\mimeconverter\clearcanvas\dicom\codec\jpeg\x64\release\log4net.dll
c:\git\p284\code\imag-code-p284\imag_source\visa\cpp\mimeconverter\clearcanvas\dicom\codec\jpeg\x64\release\clearcanvas.common.pdb
c:\git\p284\code\imag-code-p284\imag_source\visa\cpp\mimeconverter\clearcanvas\dicom\codec\jpeg\x64\release\clearcanvas.common.xml
c:\git\p284\code\imag-code-p284\imag_source\visa\cpp\mimeconverter\clearcanvas\dicom\codec\jpeg\x64\release\clearcanvas.common.dll.config
c:\git\p284\code\imag-code-p284\imag_source\visa\cpp\mimeconverter\clearcanvas\dicom\codec\jpeg\x64\release\clearcanvas.dicom.pdb
c:\git\p284\code\imag-code-p284\imag_source\visa\cpp\mimeconverter\clearcanvas\dicom\codec\jpeg\x64\release\clearcanvas.dicom.dll.config
c:\git\p284\code\imag-code-p284\imag_source\visa\cpp\mimeconverter\clearcanvas\dicom\codec\jpeg\x64\release\log4net.xml
c:\git\p284\code\imag-code-p284\imag_source\visa\cpp\mimeconverter\clearcanvas\dicom\codec\jpeg\x64\release\clearcanvas.dicom.codec.jpeg.ipdb
c:\git\p284\code\imag-code-p284\imag_source\visa\cpp\mimeconverter\clearcanvas\dicom\codec\jpeg\x64\release\clearcanvas.dicom.codec.jpeg.iobj
c:\git3\imag-code\imag_source\visa\dotnet\mimeconverter\clearcanvas\dicom\codec\jpeg\x64\release\clearcanvas.common.dll
c:\git3\imag-code\imag_source\visa\dotnet\mimeconverter\clearcanvas\dicom\codec\jpeg\x64\release\clearcanvas.dicom.dll
c:\git3\imag-code\imag_source\visa\dotnet\mimeconverter\clearcanvas\dicom\codec\jpeg\x64\release\log4net.dll
c:\git3\imag-code\imag_source\visa\dotnet\mimeconverter\clearcanvas\dicom\codec\jpeg\x64\release\clearcanvas.common.pdb
c:\git3\imag-code\imag_source\visa\dotnet\mimeconverter\clearcanvas\dicom\codec\jpeg\x64\release\clearcanvas.common.xml
c:\git3\imag-code\imag_source\visa\dotnet\mimeconverter\clearcanvas\dicom\codec\jpeg\x64\release\clearcanvas.common.dll.config
c:\git3\imag-code\imag_source\visa\dotnet\mimeconverter\clearcanvas\dicom\codec\jpeg\x64\release\clearcanvas.dicom.pdb
c:\git3\imag-code\imag_source\visa\dotnet\mimeconverter\clearcanvas\dicom\codec\jpeg\x64\release\clearcanvas.dicom.dll.config
c:\git3\imag-code\imag_source\visa\dotnet\mimeconverter\clearcanvas\dicom\codec\jpeg\x64\release\log4net.xml
c:\git3\imag-code\imag_source\visa\dotnet\mimeconverter\clearcanvas\dicom\codec\jpeg\x64\release\clearcanvas.dicom.codec.jpeg.ipdb
c:\git3\imag-code\imag_source\visa\dotnet\mimeconverter\clearcanvas\dicom\codec\jpeg\x64\release\clearcanvas.dicom.codec.jpeg.iobj
c:\git\p284\code\imag-code-p284\imag_source\visa\cpp\mimeconverter\clearcanvas\dicom\codec\jpeg\x64\release\clearcanvas.dicom.codec.jpeg.dll
c:\git\p284\code\imag-code-p284\imag_source\visa\cpp\mimeconverter\clearcanvas\dicom\codec\jpeg\x64\release\clearcanvas.dicom.codec.jpeg.pdb
c:\git3\imag-code\imag_source\visa\dotnet\mimeconverter\clearcanvas\dicom\codec\jpeg\x64\release\clearcanvas.dicom.codec.jpeg.dll
c:\git3\imag-code\imag_source\visa\dotnet\mimeconverter\clearcanvas\dicom\codec\jpeg\x64\release\clearcanvas.dicom.codec.jpeg.pdb
c:\git3\imag-code\imag_source\visa\dotnet\mimeconverter\clearcanvas\dicom\codec\jpeg\x64\release\clearcan.fc264853.tlog\metagen.write.1.tlog
c:\git\p284\code\imag-code-p284\imag_source\visa\cpp\mimeconverter\clearcanvas\dicom\codec\jpeg\x64\release\app.res
c:\git3\imag-code\imag_source\visa\dotnet\mimeconverter\clearcanvas\dicom\codec\jpeg\x64\release\app.res
c:\git3\p269-485\imag_source\visa\dotnet\vixviewer\mimeconverter\clearcanvas\dicom\codec\jpeg\x64\release\jpeg.vcxprojassemblyreference.cache
c:\git3\p269-485\imag_source\visa\dotnet\vixviewer\mimeconverter\clearcanvas\dicom\codec\jpeg\x64\release\.netframework,version=v4.5.assemblyattributes.obj
c:\git3\p269-485\imag_source\visa\dotnet\vixviewer\mimeconverter\clearcanvas\dicom\codec\jpeg\x64\release\assemblyinfo.obj
c:\git3\p269-485\imag_source\visa\dotnet\vixviewer\mimeconverter\clearcanvas\dicom\codec\jpeg\x64\release\dicomjpegcodec.obj
c:\git3\p269-485\imag_source\visa\dotnet\vixviewer\mimeconverter\clearcanvas\dicom\codec\jpeg\x64\release\dicomjpegcodecfactory.obj
c:\git3\p269-485\imag_source\visa\dotnet\vixviewer\mimeconverter\clearcanvas\dicom\codec\jpeg\x64\release\jpeg12codec.obj
c:\git3\p269-485\imag_source\visa\dotnet\vixviewer\mimeconverter\clearcanvas\dicom\codec\jpeg\x64\release\jpeg16codec.obj
c:\git3\p269-485\imag_source\visa\dotnet\vixviewer\mimeconverter\clearcanvas\dicom\codec\jpeg\x64\release\jpeg8codec.obj
c:\git3\p269-485\imag_source\visa\dotnet\vixviewer\mimeconverter\clearcanvas\dicom\codec\jpeg\x64\release\clearcanvas.dicom.codec.jpeg.ipdb
c:\git3\p269-485\imag_source\visa\dotnet\vixviewer\mimeconverter\clearcanvas\dicom\codec\jpeg\x64\release\clearcanvas.dicom.codec.jpeg.iobj
c:\git3\p269-485\imag_source\visa\dotnet\vixviewer\mimeconverter\clearcanvas\dicom\codec\jpeg\x64\release\app.res
c:\git3\p269-485\imag_source\visa\dotnet\vixviewer\mimeconverter\clearcanvas\dicom\codec\jpeg\x64\release\clearcanvas.common.pdb
c:\git3\p269-485\imag_source\visa\dotnet\vixviewer\mimeconverter\clearcanvas\dicom\codec\jpeg\x64\release\clearcanvas.dicom.codec.jpeg.pdb
c:\git3\p269-485\imag_source\visa\dotnet\vixviewer\mimeconverter\clearcanvas\dicom\codec\jpeg\x64\release\clearcanvas.dicom.pdb
c:\git3\p269-485\imag_source\visa\dotnet\vixviewer\mimeconverter\clearcanvas\dicom\codec\jpeg\x64\release\vc142.pdb
c:\git3\p269-485\imag_source\visa\dotnet\vixviewer\mimeconverter\clearcanvas\dicom\codec\jpeg\x64\release\clearcanvas.dicom.codec.jpeg.bsc
c:\git3\p269-485\imag_source\visa\dotnet\vixviewer\mimeconverter\clearcanvas\dicom\codec\jpeg\x64\release\.netframework,version=v4.5.assemblyattributes.sbr
c:\git3\p269-485\imag_source\visa\dotnet\vixviewer\mimeconverter\clearcanvas\dicom\codec\jpeg\x64\release\assemblyinfo.sbr
c:\git3\p269-485\imag_source\visa\dotnet\vixviewer\mimeconverter\clearcanvas\dicom\codec\jpeg\x64\release\dicomjpegcodec.sbr
c:\git3\p269-485\imag_source\visa\dotnet\vixviewer\mimeconverter\clearcanvas\dicom\codec\jpeg\x64\release\dicomjpegcodecfactory.sbr
c:\git3\p269-485\imag_source\visa\dotnet\vixviewer\mimeconverter\clearcanvas\dicom\codec\jpeg\x64\release\jpeg12codec.sbr
c:\git3\p269-485\imag_source\visa\dotnet\vixviewer\mimeconverter\clearcanvas\dicom\codec\jpeg\x64\release\jpeg16codec.sbr
c:\git3\p269-485\imag_source\visa\dotnet\vixviewer\mimeconverter\clearcanvas\dicom\codec\jpeg\x64\release\jpeg8codec.sbr
c:\git3\p269-485\imag_source\visa\dotnet\vixviewer\mimeconverter\clearcanvas\dicom\codec\jpeg\x64\release\clearcanvas.common.xml
c:\git3\p269-485\imag_source\visa\dotnet\vixviewer\mimeconverter\clearcanvas\dicom\codec\jpeg\x64\release\log4net.xml
c:\git3\p269-485\imag_source\visa\dotnet\vixviewer\mimeconverter\clearcanvas\dicom\codec\jpeg\x64\release\clearcanvas.dicom.codec.jpeg.dll
c:\git3\p269-485\imag_source\visa\dotnet\vixviewer\mimeconverter\clearcanvas\dicom\codec\jpeg\x64\release\clearcan.fc264853.tlog\bscmake.command.1.tlog
c:\git3\p269-485\imag_source\visa\dotnet\vixviewer\mimeconverter\clearcanvas\dicom\codec\jpeg\x64\release\clearcan.fc264853.tlog\bscmake.read.1.tlog
c:\git3\p269-485\imag_source\visa\dotnet\vixviewer\mimeconverter\clearcanvas\dicom\codec\jpeg\x64\release\clearcan.fc264853.tlog\cl.command.1.tlog
c:\git3\p269-485\imag_source\visa\dotnet\vixviewer\mimeconverter\clearcanvas\dicom\codec\jpeg\x64\release\clearcan.fc264853.tlog\cl.read.1.tlog
c:\git3\p269-485\imag_source\visa\dotnet\vixviewer\mimeconverter\clearcanvas\dicom\codec\jpeg\x64\release\clearcan.fc264853.tlog\cl.write.1.tlog
c:\git3\p269-485\imag_source\visa\dotnet\vixviewer\mimeconverter\clearcanvas\dicom\codec\jpeg\x64\release\clearcan.fc264853.tlog\clearcanvas.dicom.codec.jpeg.read.1u.tlog
c:\git3\p269-485\imag_source\visa\dotnet\vixviewer\mimeconverter\clearcanvas\dicom\codec\jpeg\x64\release\clearcan.fc264853.tlog\clearcanvas.dicom.codec.jpeg.write.1u.tlog
c:\git3\p269-485\imag_source\visa\dotnet\vixviewer\mimeconverter\clearcanvas\dicom\codec\jpeg\x64\release\clearcan.fc264853.tlog\link.command.1.tlog
c:\git3\p269-485\imag_source\visa\dotnet\vixviewer\mimeconverter\clearcanvas\dicom\codec\jpeg\x64\release\clearcan.fc264853.tlog\link.read.1.tlog
c:\git3\p269-485\imag_source\visa\dotnet\vixviewer\mimeconverter\clearcanvas\dicom\codec\jpeg\x64\release\clearcan.fc264853.tlog\link.write.1.tlog
c:\git3\p269-485\imag_source\visa\dotnet\vixviewer\mimeconverter\clearcanvas\dicom\codec\jpeg\x64\release\clearcan.fc264853.tlog\metagen.read.1.tlog
c:\git3\p269-485\imag_source\visa\dotnet\vixviewer\mimeconverter\clearcanvas\dicom\codec\jpeg\x64\release\clearcan.fc264853.tlog\metagen.write.1.tlog
c:\git3\p269-485\imag_source\visa\dotnet\vixviewer\mimeconverter\clearcanvas\dicom\codec\jpeg\x64\release\clearcan.fc264853.tlog\rc.command.1.tlog
c:\git3\p269-485\imag_source\visa\dotnet\vixviewer\mimeconverter\clearcanvas\dicom\codec\jpeg\x64\release\clearcan.fc264853.tlog\rc.read.1.tlog
c:\git3\p269-485\imag_source\visa\dotnet\vixviewer\mimeconverter\clearcanvas\dicom\codec\jpeg\x64\release\clearcan.fc264853.tlog\rc.write.1.tlog
c:\git3\p269-485\imag_source\visa\dotnet\vixviewer\mimeconverter\clearcanvas\dicom\codec\jpeg\x64\release\clearcan.fc264853.tlog\clearcanvas.common.dll.metagen
c:\git3\p269-485\imag_source\visa\dotnet\vixviewer\mimeconverter\clearcanvas\dicom\codec\jpeg\x64\release\clearcan.fc264853.tlog\clearcanvas.dicom.dll.metagen
