c:\git\p284\code\imag-code-p284\imag_source\visa\cpp\mimeconverter\clearcanvas\dicom\codec\jpeg2000\openjpeg\x64\release\openjpeg.pdb
c:\git\p284\code\imag-code-p284\imag_source\visa\cpp\mimeconverter\clearcanvas\dicom\codec\jpeg2000\openjpeg\x64\release\bio.sbr
c:\git\p284\code\imag-code-p284\imag_source\visa\cpp\mimeconverter\clearcanvas\dicom\codec\jpeg2000\openjpeg\x64\release\cio.sbr
c:\git\p284\code\imag-code-p284\imag_source\visa\cpp\mimeconverter\clearcanvas\dicom\codec\jpeg2000\openjpeg\x64\release\dwt.sbr
c:\git\p284\code\imag-code-p284\imag_source\visa\cpp\mimeconverter\clearcanvas\dicom\codec\jpeg2000\openjpeg\x64\release\event.sbr
c:\git\p284\code\imag-code-p284\imag_source\visa\cpp\mimeconverter\clearcanvas\dicom\codec\jpeg2000\openjpeg\x64\release\image.sbr
c:\git\p284\code\imag-code-p284\imag_source\visa\cpp\mimeconverter\clearcanvas\dicom\codec\jpeg2000\openjpeg\x64\release\j2k.sbr
c:\git\p284\code\imag-code-p284\imag_source\visa\cpp\mimeconverter\clearcanvas\dicom\codec\jpeg2000\openjpeg\x64\release\j2k_lib.sbr
c:\git\p284\code\imag-code-p284\imag_source\visa\cpp\mimeconverter\clearcanvas\dicom\codec\jpeg2000\openjpeg\x64\release\jp2.sbr
c:\git\p284\code\imag-code-p284\imag_source\visa\cpp\mimeconverter\clearcanvas\dicom\codec\jpeg2000\openjpeg\x64\release\jpt.sbr
c:\git\p284\code\imag-code-p284\imag_source\visa\cpp\mimeconverter\clearcanvas\dicom\codec\jpeg2000\openjpeg\x64\release\mct.sbr
c:\git\p284\code\imag-code-p284\imag_source\visa\cpp\mimeconverter\clearcanvas\dicom\codec\jpeg2000\openjpeg\x64\release\mqc.sbr
c:\git\p284\code\imag-code-p284\imag_source\visa\cpp\mimeconverter\clearcanvas\dicom\codec\jpeg2000\openjpeg\x64\release\openjpeg.sbr
c:\git\p284\code\imag-code-p284\imag_source\visa\cpp\mimeconverter\clearcanvas\dicom\codec\jpeg2000\openjpeg\x64\release\pi.sbr
c:\git\p284\code\imag-code-p284\imag_source\visa\cpp\mimeconverter\clearcanvas\dicom\codec\jpeg2000\openjpeg\x64\release\raw.sbr
c:\git\p284\code\imag-code-p284\imag_source\visa\cpp\mimeconverter\clearcanvas\dicom\codec\jpeg2000\openjpeg\x64\release\t1.sbr
c:\git\p284\code\imag-code-p284\imag_source\visa\cpp\mimeconverter\clearcanvas\dicom\codec\jpeg2000\openjpeg\x64\release\t2.sbr
c:\git\p284\code\imag-code-p284\imag_source\visa\cpp\mimeconverter\clearcanvas\dicom\codec\jpeg2000\openjpeg\x64\release\tcd.sbr
c:\git\p284\code\imag-code-p284\imag_source\visa\cpp\mimeconverter\clearcanvas\dicom\codec\jpeg2000\openjpeg\x64\release\tgt.sbr
c:\git\p284\code\imag-code-p284\imag_source\visa\cpp\mimeconverter\clearcanvas\dicom\codec\jpeg2000\openjpeg\x64\release\tgt.obj
c:\git\p284\code\imag-code-p284\imag_source\visa\cpp\mimeconverter\clearcanvas\dicom\codec\jpeg2000\openjpeg\x64\release\tcd.obj
c:\git\p284\code\imag-code-p284\imag_source\visa\cpp\mimeconverter\clearcanvas\dicom\codec\jpeg2000\openjpeg\x64\release\t2.obj
c:\git\p284\code\imag-code-p284\imag_source\visa\cpp\mimeconverter\clearcanvas\dicom\codec\jpeg2000\openjpeg\x64\release\t1.obj
c:\git\p284\code\imag-code-p284\imag_source\visa\cpp\mimeconverter\clearcanvas\dicom\codec\jpeg2000\openjpeg\x64\release\raw.obj
c:\git\p284\code\imag-code-p284\imag_source\visa\cpp\mimeconverter\clearcanvas\dicom\codec\jpeg2000\openjpeg\x64\release\pi.obj
c:\git\p284\code\imag-code-p284\imag_source\visa\cpp\mimeconverter\clearcanvas\dicom\codec\jpeg2000\openjpeg\x64\release\openjpeg.obj
c:\git\p284\code\imag-code-p284\imag_source\visa\cpp\mimeconverter\clearcanvas\dicom\codec\jpeg2000\openjpeg\x64\release\mqc.obj
c:\git\p284\code\imag-code-p284\imag_source\visa\cpp\mimeconverter\clearcanvas\dicom\codec\jpeg2000\openjpeg\x64\release\mct.obj
c:\git\p284\code\imag-code-p284\imag_source\visa\cpp\mimeconverter\clearcanvas\dicom\codec\jpeg2000\openjpeg\x64\release\jpt.obj
c:\git\p284\code\imag-code-p284\imag_source\visa\cpp\mimeconverter\clearcanvas\dicom\codec\jpeg2000\openjpeg\x64\release\jp2.obj
c:\git\p284\code\imag-code-p284\imag_source\visa\cpp\mimeconverter\clearcanvas\dicom\codec\jpeg2000\openjpeg\x64\release\j2k_lib.obj
c:\git\p284\code\imag-code-p284\imag_source\visa\cpp\mimeconverter\clearcanvas\dicom\codec\jpeg2000\openjpeg\x64\release\j2k.obj
c:\git\p284\code\imag-code-p284\imag_source\visa\cpp\mimeconverter\clearcanvas\dicom\codec\jpeg2000\openjpeg\x64\release\image.obj
c:\git\p284\code\imag-code-p284\imag_source\visa\cpp\mimeconverter\clearcanvas\dicom\codec\jpeg2000\openjpeg\x64\release\event.obj
c:\git\p284\code\imag-code-p284\imag_source\visa\cpp\mimeconverter\clearcanvas\dicom\codec\jpeg2000\openjpeg\x64\release\dwt.obj
c:\git\p284\code\imag-code-p284\imag_source\visa\cpp\mimeconverter\clearcanvas\dicom\codec\jpeg2000\openjpeg\x64\release\cio.obj
c:\git\p284\code\imag-code-p284\imag_source\visa\cpp\mimeconverter\clearcanvas\dicom\codec\jpeg2000\openjpeg\x64\release\bio.obj
c:\git3\imag-code\imag_source\visa\dotnet\mimeconverter\clearcanvas\dicom\codec\jpeg2000\openjpeg\x64\release\openjpeg.pdb
c:\git3\imag-code\imag_source\visa\dotnet\mimeconverter\clearcanvas\dicom\codec\jpeg2000\openjpeg\x64\release\bio.sbr
c:\git3\imag-code\imag_source\visa\dotnet\mimeconverter\clearcanvas\dicom\codec\jpeg2000\openjpeg\x64\release\cio.sbr
c:\git3\imag-code\imag_source\visa\dotnet\mimeconverter\clearcanvas\dicom\codec\jpeg2000\openjpeg\x64\release\dwt.sbr
c:\git3\imag-code\imag_source\visa\dotnet\mimeconverter\clearcanvas\dicom\codec\jpeg2000\openjpeg\x64\release\event.sbr
c:\git3\imag-code\imag_source\visa\dotnet\mimeconverter\clearcanvas\dicom\codec\jpeg2000\openjpeg\x64\release\image.sbr
c:\git3\imag-code\imag_source\visa\dotnet\mimeconverter\clearcanvas\dicom\codec\jpeg2000\openjpeg\x64\release\j2k.sbr
c:\git3\imag-code\imag_source\visa\dotnet\mimeconverter\clearcanvas\dicom\codec\jpeg2000\openjpeg\x64\release\j2k_lib.sbr
c:\git3\imag-code\imag_source\visa\dotnet\mimeconverter\clearcanvas\dicom\codec\jpeg2000\openjpeg\x64\release\jp2.sbr
c:\git3\imag-code\imag_source\visa\dotnet\mimeconverter\clearcanvas\dicom\codec\jpeg2000\openjpeg\x64\release\jpt.sbr
c:\git3\imag-code\imag_source\visa\dotnet\mimeconverter\clearcanvas\dicom\codec\jpeg2000\openjpeg\x64\release\mct.sbr
c:\git3\imag-code\imag_source\visa\dotnet\mimeconverter\clearcanvas\dicom\codec\jpeg2000\openjpeg\x64\release\mqc.sbr
c:\git3\imag-code\imag_source\visa\dotnet\mimeconverter\clearcanvas\dicom\codec\jpeg2000\openjpeg\x64\release\openjpeg.sbr
c:\git3\imag-code\imag_source\visa\dotnet\mimeconverter\clearcanvas\dicom\codec\jpeg2000\openjpeg\x64\release\pi.sbr
c:\git3\imag-code\imag_source\visa\dotnet\mimeconverter\clearcanvas\dicom\codec\jpeg2000\openjpeg\x64\release\raw.sbr
c:\git3\imag-code\imag_source\visa\dotnet\mimeconverter\clearcanvas\dicom\codec\jpeg2000\openjpeg\x64\release\t1.sbr
c:\git3\imag-code\imag_source\visa\dotnet\mimeconverter\clearcanvas\dicom\codec\jpeg2000\openjpeg\x64\release\t2.sbr
c:\git3\imag-code\imag_source\visa\dotnet\mimeconverter\clearcanvas\dicom\codec\jpeg2000\openjpeg\x64\release\tcd.sbr
c:\git3\imag-code\imag_source\visa\dotnet\mimeconverter\clearcanvas\dicom\codec\jpeg2000\openjpeg\x64\release\tgt.sbr
c:\git3\imag-code\imag_source\visa\dotnet\mimeconverter\clearcanvas\dicom\codec\jpeg2000\openjpeg\x64\release\tgt.obj
c:\git3\imag-code\imag_source\visa\dotnet\mimeconverter\clearcanvas\dicom\codec\jpeg2000\openjpeg\x64\release\tcd.obj
c:\git3\imag-code\imag_source\visa\dotnet\mimeconverter\clearcanvas\dicom\codec\jpeg2000\openjpeg\x64\release\t2.obj
c:\git3\imag-code\imag_source\visa\dotnet\mimeconverter\clearcanvas\dicom\codec\jpeg2000\openjpeg\x64\release\t1.obj
c:\git3\imag-code\imag_source\visa\dotnet\mimeconverter\clearcanvas\dicom\codec\jpeg2000\openjpeg\x64\release\raw.obj
c:\git3\imag-code\imag_source\visa\dotnet\mimeconverter\clearcanvas\dicom\codec\jpeg2000\openjpeg\x64\release\pi.obj
c:\git3\imag-code\imag_source\visa\dotnet\mimeconverter\clearcanvas\dicom\codec\jpeg2000\openjpeg\x64\release\openjpeg.obj
c:\git3\imag-code\imag_source\visa\dotnet\mimeconverter\clearcanvas\dicom\codec\jpeg2000\openjpeg\x64\release\mqc.obj
c:\git3\imag-code\imag_source\visa\dotnet\mimeconverter\clearcanvas\dicom\codec\jpeg2000\openjpeg\x64\release\mct.obj
c:\git3\imag-code\imag_source\visa\dotnet\mimeconverter\clearcanvas\dicom\codec\jpeg2000\openjpeg\x64\release\jpt.obj
c:\git3\imag-code\imag_source\visa\dotnet\mimeconverter\clearcanvas\dicom\codec\jpeg2000\openjpeg\x64\release\jp2.obj
c:\git3\imag-code\imag_source\visa\dotnet\mimeconverter\clearcanvas\dicom\codec\jpeg2000\openjpeg\x64\release\j2k_lib.obj
c:\git3\imag-code\imag_source\visa\dotnet\mimeconverter\clearcanvas\dicom\codec\jpeg2000\openjpeg\x64\release\j2k.obj
c:\git3\imag-code\imag_source\visa\dotnet\mimeconverter\clearcanvas\dicom\codec\jpeg2000\openjpeg\x64\release\image.obj
c:\git3\imag-code\imag_source\visa\dotnet\mimeconverter\clearcanvas\dicom\codec\jpeg2000\openjpeg\x64\release\event.obj
c:\git3\imag-code\imag_source\visa\dotnet\mimeconverter\clearcanvas\dicom\codec\jpeg2000\openjpeg\x64\release\dwt.obj
c:\git3\imag-code\imag_source\visa\dotnet\mimeconverter\clearcanvas\dicom\codec\jpeg2000\openjpeg\x64\release\cio.obj
c:\git3\imag-code\imag_source\visa\dotnet\mimeconverter\clearcanvas\dicom\codec\jpeg2000\openjpeg\x64\release\bio.obj
c:\git\p284\code\imag-code-p284\imag_source\visa\cpp\mimeconverter\clearcanvas\dicom\codec\jpeg2000\openjpeg\x64\release\openjpeg.lib
c:\git3\imag-code\imag_source\visa\dotnet\mimeconverter\clearcanvas\dicom\codec\jpeg2000\openjpeg\x64\release\openjpeg.lib
c:\git3\p269-485\imag_source\visa\dotnet\vixviewer\mimeconverter\clearcanvas\dicom\codec\jpeg2000\openjpeg\x64\release\bio.obj
c:\git3\p269-485\imag_source\visa\dotnet\vixviewer\mimeconverter\clearcanvas\dicom\codec\jpeg2000\openjpeg\x64\release\cio.obj
c:\git3\p269-485\imag_source\visa\dotnet\vixviewer\mimeconverter\clearcanvas\dicom\codec\jpeg2000\openjpeg\x64\release\dwt.obj
c:\git3\p269-485\imag_source\visa\dotnet\vixviewer\mimeconverter\clearcanvas\dicom\codec\jpeg2000\openjpeg\x64\release\event.obj
c:\git3\p269-485\imag_source\visa\dotnet\vixviewer\mimeconverter\clearcanvas\dicom\codec\jpeg2000\openjpeg\x64\release\image.obj
c:\git3\p269-485\imag_source\visa\dotnet\vixviewer\mimeconverter\clearcanvas\dicom\codec\jpeg2000\openjpeg\x64\release\j2k.obj
c:\git3\p269-485\imag_source\visa\dotnet\vixviewer\mimeconverter\clearcanvas\dicom\codec\jpeg2000\openjpeg\x64\release\j2k_lib.obj
c:\git3\p269-485\imag_source\visa\dotnet\vixviewer\mimeconverter\clearcanvas\dicom\codec\jpeg2000\openjpeg\x64\release\jp2.obj
c:\git3\p269-485\imag_source\visa\dotnet\vixviewer\mimeconverter\clearcanvas\dicom\codec\jpeg2000\openjpeg\x64\release\jpt.obj
c:\git3\p269-485\imag_source\visa\dotnet\vixviewer\mimeconverter\clearcanvas\dicom\codec\jpeg2000\openjpeg\x64\release\mct.obj
c:\git3\p269-485\imag_source\visa\dotnet\vixviewer\mimeconverter\clearcanvas\dicom\codec\jpeg2000\openjpeg\x64\release\mqc.obj
c:\git3\p269-485\imag_source\visa\dotnet\vixviewer\mimeconverter\clearcanvas\dicom\codec\jpeg2000\openjpeg\x64\release\openjpeg.obj
c:\git3\p269-485\imag_source\visa\dotnet\vixviewer\mimeconverter\clearcanvas\dicom\codec\jpeg2000\openjpeg\x64\release\pi.obj
c:\git3\p269-485\imag_source\visa\dotnet\vixviewer\mimeconverter\clearcanvas\dicom\codec\jpeg2000\openjpeg\x64\release\raw.obj
c:\git3\p269-485\imag_source\visa\dotnet\vixviewer\mimeconverter\clearcanvas\dicom\codec\jpeg2000\openjpeg\x64\release\t1.obj
c:\git3\p269-485\imag_source\visa\dotnet\vixviewer\mimeconverter\clearcanvas\dicom\codec\jpeg2000\openjpeg\x64\release\t2.obj
c:\git3\p269-485\imag_source\visa\dotnet\vixviewer\mimeconverter\clearcanvas\dicom\codec\jpeg2000\openjpeg\x64\release\tcd.obj
c:\git3\p269-485\imag_source\visa\dotnet\vixviewer\mimeconverter\clearcanvas\dicom\codec\jpeg2000\openjpeg\x64\release\tgt.obj
c:\git3\p269-485\imag_source\visa\dotnet\vixviewer\mimeconverter\clearcanvas\dicom\codec\jpeg2000\openjpeg\x64\release\openjpeg.pdb
c:\git3\p269-485\imag_source\visa\dotnet\vixviewer\mimeconverter\clearcanvas\dicom\codec\jpeg2000\openjpeg\x64\release\openjpeg.bsc
c:\git3\p269-485\imag_source\visa\dotnet\vixviewer\mimeconverter\clearcanvas\dicom\codec\jpeg2000\openjpeg\x64\release\bio.sbr
c:\git3\p269-485\imag_source\visa\dotnet\vixviewer\mimeconverter\clearcanvas\dicom\codec\jpeg2000\openjpeg\x64\release\cio.sbr
c:\git3\p269-485\imag_source\visa\dotnet\vixviewer\mimeconverter\clearcanvas\dicom\codec\jpeg2000\openjpeg\x64\release\dwt.sbr
c:\git3\p269-485\imag_source\visa\dotnet\vixviewer\mimeconverter\clearcanvas\dicom\codec\jpeg2000\openjpeg\x64\release\event.sbr
c:\git3\p269-485\imag_source\visa\dotnet\vixviewer\mimeconverter\clearcanvas\dicom\codec\jpeg2000\openjpeg\x64\release\image.sbr
c:\git3\p269-485\imag_source\visa\dotnet\vixviewer\mimeconverter\clearcanvas\dicom\codec\jpeg2000\openjpeg\x64\release\j2k.sbr
c:\git3\p269-485\imag_source\visa\dotnet\vixviewer\mimeconverter\clearcanvas\dicom\codec\jpeg2000\openjpeg\x64\release\j2k_lib.sbr
c:\git3\p269-485\imag_source\visa\dotnet\vixviewer\mimeconverter\clearcanvas\dicom\codec\jpeg2000\openjpeg\x64\release\jp2.sbr
c:\git3\p269-485\imag_source\visa\dotnet\vixviewer\mimeconverter\clearcanvas\dicom\codec\jpeg2000\openjpeg\x64\release\jpt.sbr
c:\git3\p269-485\imag_source\visa\dotnet\vixviewer\mimeconverter\clearcanvas\dicom\codec\jpeg2000\openjpeg\x64\release\mct.sbr
c:\git3\p269-485\imag_source\visa\dotnet\vixviewer\mimeconverter\clearcanvas\dicom\codec\jpeg2000\openjpeg\x64\release\mqc.sbr
c:\git3\p269-485\imag_source\visa\dotnet\vixviewer\mimeconverter\clearcanvas\dicom\codec\jpeg2000\openjpeg\x64\release\openjpeg.sbr
c:\git3\p269-485\imag_source\visa\dotnet\vixviewer\mimeconverter\clearcanvas\dicom\codec\jpeg2000\openjpeg\x64\release\pi.sbr
c:\git3\p269-485\imag_source\visa\dotnet\vixviewer\mimeconverter\clearcanvas\dicom\codec\jpeg2000\openjpeg\x64\release\raw.sbr
c:\git3\p269-485\imag_source\visa\dotnet\vixviewer\mimeconverter\clearcanvas\dicom\codec\jpeg2000\openjpeg\x64\release\t1.sbr
c:\git3\p269-485\imag_source\visa\dotnet\vixviewer\mimeconverter\clearcanvas\dicom\codec\jpeg2000\openjpeg\x64\release\t2.sbr
c:\git3\p269-485\imag_source\visa\dotnet\vixviewer\mimeconverter\clearcanvas\dicom\codec\jpeg2000\openjpeg\x64\release\tcd.sbr
c:\git3\p269-485\imag_source\visa\dotnet\vixviewer\mimeconverter\clearcanvas\dicom\codec\jpeg2000\openjpeg\x64\release\tgt.sbr
c:\git3\p269-485\imag_source\visa\dotnet\vixviewer\mimeconverter\clearcanvas\dicom\codec\jpeg2000\openjpeg\x64\release\openjpeg.lib
c:\git3\p269-485\imag_source\visa\dotnet\vixviewer\mimeconverter\clearcanvas\dicom\codec\jpeg2000\openjpeg\x64\release\openjpeg.tlog\bscmake.command.1.tlog
c:\git3\p269-485\imag_source\visa\dotnet\vixviewer\mimeconverter\clearcanvas\dicom\codec\jpeg2000\openjpeg\x64\release\openjpeg.tlog\bscmake.read.1.tlog
c:\git3\p269-485\imag_source\visa\dotnet\vixviewer\mimeconverter\clearcanvas\dicom\codec\jpeg2000\openjpeg\x64\release\openjpeg.tlog\cl.command.1.tlog
c:\git3\p269-485\imag_source\visa\dotnet\vixviewer\mimeconverter\clearcanvas\dicom\codec\jpeg2000\openjpeg\x64\release\openjpeg.tlog\cl.read.1.tlog
c:\git3\p269-485\imag_source\visa\dotnet\vixviewer\mimeconverter\clearcanvas\dicom\codec\jpeg2000\openjpeg\x64\release\openjpeg.tlog\cl.write.1.tlog
c:\git3\p269-485\imag_source\visa\dotnet\vixviewer\mimeconverter\clearcanvas\dicom\codec\jpeg2000\openjpeg\x64\release\openjpeg.tlog\lib-link.read.1.tlog
c:\git3\p269-485\imag_source\visa\dotnet\vixviewer\mimeconverter\clearcanvas\dicom\codec\jpeg2000\openjpeg\x64\release\openjpeg.tlog\lib-link.write.1.tlog
c:\git3\p269-485\imag_source\visa\dotnet\vixviewer\mimeconverter\clearcanvas\dicom\codec\jpeg2000\openjpeg\x64\release\openjpeg.tlog\lib.command.1.tlog
