%!Adobe-FontList 1.09

%BeginFont
Handler:WinATMDataHandler
FontType:CID
FontName:AdobeMingStd-Light
FamilyName:Adobe Ming Std
StyleName:L
FullName:Adobe Ming Std L
FamilyNameNative:Adobe 明體 Std
StyleNameNative:L
FullNameNative:Adobe 明體 Std L
WritingScript:TraditionalChinese
OutlineFileName:C:\Program Files\AccuSoft\ImageGear v15\MD\Shared\Bin\Resource\PDF\Font\AdobeMingStd-Light.otf
DataFormat:sfntData
isCFF:yes
FileLength:10072304
FileModTime:1173212890
WeightClass:300
WidthClass:5
AngleClass:0
%EndFont

%BeginFont
Handler:WinATMDataHandler
FontType:CID
FontName:AdobeMyungjoStd-Medium
FamilyName:Adobe Myungjo Std
StyleName:M
FullName:Adobe Myungjo Std M
FamilyNameNative:Adobe 명조 Std
StyleNameNative:M
FullNameNative:Adobe 명조 Std M
WritingScript:Korean
OutlineFileName:C:\Program Files\AccuSoft\ImageGear v15\MD\Shared\Bin\Resource\PDF\Font\AdobeMyungjoStd-Medium.otf
DataFormat:sfntData
isCFF:yes
FileLength:3998628
FileModTime:1173212890
WeightClass:500
WidthClass:5
AngleClass:0
%EndFont

%BeginFont
Handler:WinATMDataHandler
FontType:Type1
FontName:AdobePiStd
FamilyName:Adobe Pi Std
StyleName:Regular
FullName:Adobe Pi Std
WritingScript:Roman
OutlineFileName:C:\Program Files\AccuSoft\ImageGear v15\MD\Shared\Bin\Resource\PDF\Font\AdobePiStd.otf
DataFormat:sfntData
UsesStandardEncoding:yes
isCFF:yes
FileLength:89660
FileModTime:1173212890
WeightClass:400
WidthClass:5
AngleClass:0
%EndFont

%BeginFont
Handler:WinATMDataHandler
FontType:CID
FontName:AdobeSongStd-Light
FamilyName:Adobe Song Std
StyleName:L
FullName:Adobe Song Std L
FamilyNameNative:Adobe 宋体 Std
StyleNameNative:L
FullNameNative:Adobe 宋体 Std L
WritingScript:SimplifiedChinese
OutlineFileName:C:\Program Files\AccuSoft\ImageGear v15\MD\Shared\Bin\Resource\PDF\Font\AdobeSongStd-Light.otf
DataFormat:sfntData
isCFF:yes
FileLength:15333988
FileModTime:1173212890
WeightClass:300
WidthClass:5
AngleClass:0
%EndFont

%BeginFont
Handler:WinATMDataHandler
FontType:Type1
FontName:CourierStd-Bold
FamilyName:Courier Std
StyleName:Bold
FullName:Courier Std Bold
WritingScript:Roman
OutlineFileName:C:\Program Files\AccuSoft\ImageGear v15\MD\Shared\Bin\Resource\PDF\Font\CourierStd-Bold.otf
DataFormat:sfntData
UsesStandardEncoding:yes
isCFF:yes
FileLength:35188
FileModTime:1173212890
WeightClass:700
WidthClass:5
AngleClass:0
%EndFont

%BeginFont
Handler:WinATMDataHandler
FontType:Type1
FontName:CourierStd-BoldOblique
FamilyName:Courier Std
StyleName:Bold Oblique
FullName:Courier Std Bold Oblique
WritingScript:Roman
OutlineFileName:C:\Program Files\AccuSoft\ImageGear v15\MD\Shared\Bin\Resource\PDF\Font\CourierStd-BoldOblique.otf
DataFormat:sfntData
UsesStandardEncoding:yes
isCFF:yes
FileLength:36496
FileModTime:1173212890
WeightClass:700
WidthClass:5
AngleClass:1
%EndFont

%BeginFont
Handler:WinATMDataHandler
FontType:Type1
FontName:CourierStd-Oblique
FamilyName:Courier Std
StyleName:Medium Oblique
FullName:Courier Std Medium Oblique
WritingScript:Roman
OutlineFileName:C:\Program Files\AccuSoft\ImageGear v15\MD\Shared\Bin\Resource\PDF\Font\CourierStd-Oblique.otf
DataFormat:sfntData
UsesStandardEncoding:yes
isCFF:yes
FileLength:36824
FileModTime:1173212890
WeightClass:500
WidthClass:5
AngleClass:1
%EndFont

%BeginFont
Handler:WinATMDataHandler
FontType:Type1
FontName:CourierStd
FamilyName:Courier Std
StyleName:Medium
FullName:Courier Std Medium
WritingScript:Roman
OutlineFileName:C:\Program Files\AccuSoft\ImageGear v15\MD\Shared\Bin\Resource\PDF\Font\CourierStd.otf
DataFormat:sfntData
UsesStandardEncoding:yes
isCFF:yes
FileLength:35448
FileModTime:1173212890
WeightClass:500
WidthClass:5
AngleClass:0
%EndFont

%BeginFont
Handler:WinATMDataHandler
FontType:CID
FontName:KozGoPro-Medium
FamilyName:Kozuka Gothic Pro
StyleName:M
FullName:Kozuka Gothic Pro M
FamilyNameNative:小塚ゴシック Pro
StyleNameNative:M
FullNameNative:小塚ゴシック Pro M
WritingScript:Japanese
OutlineFileName:C:\Program Files\AccuSoft\ImageGear v15\MD\Shared\Bin\Resource\PDF\Font\KozGoPro-Medium.otf
DataFormat:sfntData
isCFF:yes
FileLength:3463200
FileModTime:1173212890
WeightClass:500
WidthClass:5
AngleClass:0
%EndFont

%BeginFont
Handler:WinATMDataHandler
FontType:CID
FontName:KozMinProVI-Regular
FamilyName:Kozuka Mincho Pro-VI
StyleName:R
FullName:Kozuka Mincho Pro-VI R
FamilyNameNative:小塚明朝 Pro-VI
StyleNameNative:R
FullNameNative:小塚明朝 Pro-VI R
WritingScript:Japanese
OutlineFileName:C:\Program Files\AccuSoft\ImageGear v15\MD\Shared\Bin\Resource\PDF\Font\KozMinProVI-Regular.otf
DataFormat:sfntData
isCFF:yes
FileLength:6480168
FileModTime:1173212890
WeightClass:400
WidthClass:5
AngleClass:0
%EndFont

%BeginFont
Handler:WinATMDataHandler
FontType:Type1
FontName:Symbol
FamilyName:Symbol
StyleName:Regular
FullName:Symbol
WritingScript:Roman
OutlineFileName:C:\Program Files\AccuSoft\ImageGear v15\MD\Shared\Bin\Resource\PDF\Font\sy______.pfb
DataFormat:Plain
UsesStandardEncoding:no
isCFF:no
FileLength:34705
FileModTime:1173212890
WeightClass:400
WidthClass:5
AngleClass:0
%EndFont

%BeginFont
Handler:WinATMDataHandler
FontType:PFM
FontName:Symbol
NumMMAxes:0
OutlineFileName:C:\Program Files\AccuSoft\ImageGear v15\MD\Shared\Bin\Resource\PDF\Font\sy______.pfm
FileLength:672
FileModTime:1173212890
%EndFont

%BeginFont
Handler:WinATMDataHandler
FontType:PFM
FontName:AdobeSansMM
NumMMAxes:2
OutlineFileName:C:\Program Files\AccuSoft\ImageGear v15\MD\Shared\Bin\Resource\PDF\Font\zx______.mmm
FileLength:7248
FileModTime:1173212890
%EndFont

%BeginFont
Handler:WinATMDataHandler
FontType:Type1
FontName:AdobeSansMM
FamilyName:Adobe Sans MM
StyleName:Regular
FullName:Adobe Sans MM
WritingScript:Roman
OutlineFileName:C:\Program Files\AccuSoft\ImageGear v15\MD\Shared\Bin\Resource\PDF\Font\zx______.pfb
DataFormat:Plain
MMAxisName:Weight
MMAxisName:Width
UsesStandardEncoding:yes
isCFF:no
FileLength:75573
FileModTime:1173212890
WeightClass:400
WidthClass:5
AngleClass:0
%EndFont

%BeginFont
Handler:WinATMDataHandler
FontType:PFM
FontName:AdobeSansMM
NumMMAxes:0
OutlineFileName:C:\Program Files\AccuSoft\ImageGear v15\MD\Shared\Bin\Resource\PDF\Font\zx______.pfm
FileLength:683
FileModTime:1173212890
%EndFont

%BeginFont
Handler:WinATMDataHandler
FontType:PFM
FontName:AdobeSerifMM
NumMMAxes:2
OutlineFileName:C:\Program Files\AccuSoft\ImageGear v15\MD\Shared\Bin\Resource\PDF\Font\zy______.mmm
FileLength:7248
FileModTime:1173212890
%EndFont

%BeginFont
Handler:WinATMDataHandler
FontType:Type1
FontName:AdobeSerifMM
FamilyName:Adobe Serif MM
StyleName:Regular
FullName:Adobe Serif MM
WritingScript:Roman
OutlineFileName:C:\Program Files\AccuSoft\ImageGear v15\MD\Shared\Bin\Resource\PDF\Font\zy______.pfb
DataFormat:Plain
MMAxisName:Weight
MMAxisName:Width
UsesStandardEncoding:yes
isCFF:no
FileLength:96418
FileModTime:1173212890
WeightClass:400
WidthClass:5
AngleClass:0
%EndFont

%BeginFont
Handler:WinATMDataHandler
FontType:PFM
FontName:AdobeSerifMM
NumMMAxes:0
OutlineFileName:C:\Program Files\AccuSoft\ImageGear v15\MD\Shared\Bin\Resource\PDF\Font\zy______.pfm
FileLength:684
FileModTime:1173212890
%EndFont

%BeginFont
Handler:DirectoryHandler
FontType:CID
FontName:AdobeMingStd-Light
FamilyName:Adobe Ming Std
StyleName:L
FullName:Adobe Ming Std L
FamilyNameNative:Adobe 明體 Std
StyleNameNative:L
FullNameNative:Adobe 明體 Std L
WritingScript:TraditionalChinese
OutlineFileName:C:\Program Files\AccuSoft\ImageGear v15\MD\Shared\Bin\Resource\PDF\Font\AdobeMingStd-Light.otf
DataFormat:sfntData
isCFF:yes
FileLength:10072304
FileModTime:1173212890
WeightClass:300
WidthClass:5
AngleClass:0
%EndFont

%BeginFont
Handler:DirectoryHandler
FontType:CID
FontName:AdobeMyungjoStd-Medium
FamilyName:Adobe Myungjo Std
StyleName:M
FullName:Adobe Myungjo Std M
FamilyNameNative:Adobe 명조 Std
StyleNameNative:M
FullNameNative:Adobe 명조 Std M
WritingScript:Korean
OutlineFileName:C:\Program Files\AccuSoft\ImageGear v15\MD\Shared\Bin\Resource\PDF\Font\AdobeMyungjoStd-Medium.otf
DataFormat:sfntData
isCFF:yes
FileLength:3998628
FileModTime:1173212890
WeightClass:500
WidthClass:5
AngleClass:0
%EndFont

%BeginFont
Handler:DirectoryHandler
FontType:Type1
FontName:AdobePiStd
FamilyName:Adobe Pi Std
StyleName:Regular
FullName:Adobe Pi Std
WritingScript:Roman
OutlineFileName:C:\Program Files\AccuSoft\ImageGear v15\MD\Shared\Bin\Resource\PDF\Font\AdobePiStd.otf
DataFormat:sfntData
UsesStandardEncoding:yes
isCFF:yes
FileLength:89660
FileModTime:1173212890
WeightClass:400
WidthClass:5
AngleClass:0
%EndFont

%BeginFont
Handler:DirectoryHandler
FontType:CID
FontName:AdobeSongStd-Light
FamilyName:Adobe Song Std
StyleName:L
FullName:Adobe Song Std L
FamilyNameNative:Adobe 宋体 Std
StyleNameNative:L
FullNameNative:Adobe 宋体 Std L
WritingScript:SimplifiedChinese
OutlineFileName:C:\Program Files\AccuSoft\ImageGear v15\MD\Shared\Bin\Resource\PDF\Font\AdobeSongStd-Light.otf
DataFormat:sfntData
isCFF:yes
FileLength:15333988
FileModTime:1173212890
WeightClass:300
WidthClass:5
AngleClass:0
%EndFont

%BeginFont
Handler:DirectoryHandler
FontType:Type1
FontName:CourierStd-Bold
FamilyName:Courier Std
StyleName:Bold
FullName:Courier Std Bold
WritingScript:Roman
OutlineFileName:C:\Program Files\AccuSoft\ImageGear v15\MD\Shared\Bin\Resource\PDF\Font\CourierStd-Bold.otf
DataFormat:sfntData
UsesStandardEncoding:yes
isCFF:yes
FileLength:35188
FileModTime:1173212890
WeightClass:700
WidthClass:5
AngleClass:0
%EndFont

%BeginFont
Handler:DirectoryHandler
FontType:Type1
FontName:CourierStd-BoldOblique
FamilyName:Courier Std
StyleName:Bold Oblique
FullName:Courier Std Bold Oblique
WritingScript:Roman
OutlineFileName:C:\Program Files\AccuSoft\ImageGear v15\MD\Shared\Bin\Resource\PDF\Font\CourierStd-BoldOblique.otf
DataFormat:sfntData
UsesStandardEncoding:yes
isCFF:yes
FileLength:36496
FileModTime:1173212890
WeightClass:700
WidthClass:5
AngleClass:1
%EndFont

%BeginFont
Handler:DirectoryHandler
FontType:Type1
FontName:CourierStd-Oblique
FamilyName:Courier Std
StyleName:Medium Oblique
FullName:Courier Std Medium Oblique
WritingScript:Roman
OutlineFileName:C:\Program Files\AccuSoft\ImageGear v15\MD\Shared\Bin\Resource\PDF\Font\CourierStd-Oblique.otf
DataFormat:sfntData
UsesStandardEncoding:yes
isCFF:yes
FileLength:36824
FileModTime:1173212890
WeightClass:500
WidthClass:5
AngleClass:1
%EndFont

%BeginFont
Handler:DirectoryHandler
FontType:Type1
FontName:CourierStd
FamilyName:Courier Std
StyleName:Medium
FullName:Courier Std Medium
WritingScript:Roman
OutlineFileName:C:\Program Files\AccuSoft\ImageGear v15\MD\Shared\Bin\Resource\PDF\Font\CourierStd.otf
DataFormat:sfntData
UsesStandardEncoding:yes
isCFF:yes
FileLength:35448
FileModTime:1173212890
WeightClass:500
WidthClass:5
AngleClass:0
%EndFont

%BeginFont
Handler:DirectoryHandler
FontType:CID
FontName:KozGoPro-Medium
FamilyName:Kozuka Gothic Pro
StyleName:M
FullName:Kozuka Gothic Pro M
FamilyNameNative:小塚ゴシック Pro
StyleNameNative:M
FullNameNative:小塚ゴシック Pro M
WritingScript:Japanese
OutlineFileName:C:\Program Files\AccuSoft\ImageGear v15\MD\Shared\Bin\Resource\PDF\Font\KozGoPro-Medium.otf
DataFormat:sfntData
isCFF:yes
FileLength:3463200
FileModTime:1173212890
WeightClass:500
WidthClass:5
AngleClass:0
%EndFont

%BeginFont
Handler:DirectoryHandler
FontType:CID
FontName:KozMinProVI-Regular
FamilyName:Kozuka Mincho Pro-VI
StyleName:R
FullName:Kozuka Mincho Pro-VI R
FamilyNameNative:小塚明朝 Pro-VI
StyleNameNative:R
FullNameNative:小塚明朝 Pro-VI R
WritingScript:Japanese
OutlineFileName:C:\Program Files\AccuSoft\ImageGear v15\MD\Shared\Bin\Resource\PDF\Font\KozMinProVI-Regular.otf
DataFormat:sfntData
isCFF:yes
FileLength:6480168
FileModTime:1173212890
WeightClass:400
WidthClass:5
AngleClass:0
%EndFont

%BeginFont
Handler:DirectoryHandler
FontType:Type1
FontName:Symbol
FamilyName:Symbol
StyleName:Regular
FullName:Symbol
WritingScript:Roman
OutlineFileName:C:\Program Files\AccuSoft\ImageGear v15\MD\Shared\Bin\Resource\PDF\Font\sy______.pfb
DataFormat:Plain
UsesStandardEncoding:no
isCFF:no
FileLength:34705
FileModTime:1173212890
WeightClass:400
WidthClass:5
AngleClass:0
%EndFont

%BeginFont
Handler:DirectoryHandler
FontType:PFM
FontName:Symbol
NumMMAxes:0
OutlineFileName:C:\Program Files\AccuSoft\ImageGear v15\MD\Shared\Bin\Resource\PDF\Font\sy______.pfm
FileLength:672
FileModTime:1173212890
%EndFont

%BeginFont
Handler:DirectoryHandler
FontType:PFM
FontName:AdobeSansMM
NumMMAxes:2
OutlineFileName:C:\Program Files\AccuSoft\ImageGear v15\MD\Shared\Bin\Resource\PDF\Font\zx______.mmm
FileLength:7248
FileModTime:1173212890
%EndFont

%BeginFont
Handler:DirectoryHandler
FontType:Type1
FontName:AdobeSansMM
FamilyName:Adobe Sans MM
StyleName:Regular
FullName:Adobe Sans MM
WritingScript:Roman
OutlineFileName:C:\Program Files\AccuSoft\ImageGear v15\MD\Shared\Bin\Resource\PDF\Font\zx______.pfb
DataFormat:Plain
MMAxisName:Weight
MMAxisName:Width
UsesStandardEncoding:yes
isCFF:no
FileLength:75573
FileModTime:1173212890
WeightClass:400
WidthClass:5
AngleClass:0
%EndFont

%BeginFont
Handler:DirectoryHandler
FontType:PFM
FontName:AdobeSansMM
NumMMAxes:0
OutlineFileName:C:\Program Files\AccuSoft\ImageGear v15\MD\Shared\Bin\Resource\PDF\Font\zx______.pfm
FileLength:683
FileModTime:1173212890
%EndFont

%BeginFont
Handler:DirectoryHandler
FontType:PFM
FontName:AdobeSerifMM
NumMMAxes:2
OutlineFileName:C:\Program Files\AccuSoft\ImageGear v15\MD\Shared\Bin\Resource\PDF\Font\zy______.mmm
FileLength:7248
FileModTime:1173212890
%EndFont

%BeginFont
Handler:DirectoryHandler
FontType:Type1
FontName:AdobeSerifMM
FamilyName:Adobe Serif MM
StyleName:Regular
FullName:Adobe Serif MM
WritingScript:Roman
OutlineFileName:C:\Program Files\AccuSoft\ImageGear v15\MD\Shared\Bin\Resource\PDF\Font\zy______.pfb
DataFormat:Plain
MMAxisName:Weight
MMAxisName:Width
UsesStandardEncoding:yes
isCFF:no
FileLength:96418
FileModTime:1173212890
WeightClass:400
WidthClass:5
AngleClass:0
%EndFont

%BeginFont
Handler:DirectoryHandler
FontType:PFM
FontName:AdobeSerifMM
NumMMAxes:0
OutlineFileName:C:\Program Files\AccuSoft\ImageGear v15\MD\Shared\Bin\Resource\PDF\Font\zy______.pfm
FileLength:684
FileModTime:1173212890
%EndFont

