c:\usr\hydra4\clearcanvas\dicom\codec\jpeg2000\openjpeg\x64\debug\openjpeg.pdb
c:\usr\hydra4\clearcanvas\dicom\codec\jpeg2000\openjpeg\x64\debug\openjpeg.idb
c:\usr\hydra4\clearcanvas\dicom\codec\jpeg2000\openjpeg\x64\debug\bio.obj
c:\usr\hydra4\clearcanvas\dicom\codec\jpeg2000\openjpeg\x64\debug\cio.obj
c:\usr\hydra4\clearcanvas\dicom\codec\jpeg2000\openjpeg\x64\debug\dwt.obj
c:\usr\hydra4\clearcanvas\dicom\codec\jpeg2000\openjpeg\x64\debug\event.obj
c:\usr\hydra4\clearcanvas\dicom\codec\jpeg2000\openjpeg\x64\debug\image.obj
c:\usr\hydra4\clearcanvas\dicom\codec\jpeg2000\openjpeg\x64\debug\j2k.obj
c:\usr\hydra4\clearcanvas\dicom\codec\jpeg2000\openjpeg\x64\debug\j2k_lib.obj
c:\usr\hydra4\clearcanvas\dicom\codec\jpeg2000\openjpeg\x64\debug\jp2.obj
c:\usr\hydra4\clearcanvas\dicom\codec\jpeg2000\openjpeg\x64\debug\jpt.obj
c:\usr\hydra4\clearcanvas\dicom\codec\jpeg2000\openjpeg\x64\debug\mct.obj
c:\usr\hydra4\clearcanvas\dicom\codec\jpeg2000\openjpeg\x64\debug\mqc.obj
c:\usr\hydra4\clearcanvas\dicom\codec\jpeg2000\openjpeg\x64\debug\openjpeg.obj
c:\usr\hydra4\clearcanvas\dicom\codec\jpeg2000\openjpeg\x64\debug\pi.obj
c:\usr\hydra4\clearcanvas\dicom\codec\jpeg2000\openjpeg\x64\debug\raw.obj
c:\usr\hydra4\clearcanvas\dicom\codec\jpeg2000\openjpeg\x64\debug\t1.obj
c:\usr\hydra4\clearcanvas\dicom\codec\jpeg2000\openjpeg\x64\debug\t2.obj
c:\usr\hydra4\clearcanvas\dicom\codec\jpeg2000\openjpeg\x64\debug\tcd.obj
c:\usr\hydra4\clearcanvas\dicom\codec\jpeg2000\openjpeg\x64\debug\tgt.obj
c:\usr\hydra4\clearcanvas\dicom\codec\jpeg2000\openjpeg\x64\debug\openjpeg.lib
c:\usr\hydra4\clearcanvas\dicom\codec\jpeg2000\openjpeg\x64\debug\openjpeg.tlog\cl.command.1.tlog
c:\usr\hydra4\clearcanvas\dicom\codec\jpeg2000\openjpeg\x64\debug\openjpeg.tlog\cl.read.1.tlog
c:\usr\hydra4\clearcanvas\dicom\codec\jpeg2000\openjpeg\x64\debug\openjpeg.tlog\cl.write.1.tlog
c:\usr\hydra4\clearcanvas\dicom\codec\jpeg2000\openjpeg\x64\debug\openjpeg.tlog\lib-link.read.1.tlog
c:\usr\hydra4\clearcanvas\dicom\codec\jpeg2000\openjpeg\x64\debug\openjpeg.tlog\lib-link.write.1.tlog
c:\usr\hydra4\clearcanvas\dicom\codec\jpeg2000\openjpeg\x64\debug\openjpeg.tlog\lib.command.1.tlog
