c:\usr\hydra4\clearcanvas\dicom\codec\jpeg\libijg12\x64\debug\libijg12.pdb
c:\usr\hydra4\clearcanvas\dicom\codec\jpeg\libijg12\x64\debug\libijg12.idb
c:\usr\hydra4\clearcanvas\dicom\codec\jpeg\libijg12\x64\debug\jdphuff.obj
c:\usr\hydra4\clearcanvas\dicom\codec\jpeg\libijg12\x64\debug\jdpostct.obj
c:\usr\hydra4\clearcanvas\dicom\codec\jpeg\libijg12\x64\debug\jdpred.obj
c:\usr\hydra4\clearcanvas\dicom\codec\jpeg\libijg12\x64\debug\jdsample.obj
c:\usr\hydra4\clearcanvas\dicom\codec\jpeg\libijg12\x64\debug\jdscale.obj
c:\usr\hydra4\clearcanvas\dicom\codec\jpeg\libijg12\x64\debug\jdshuff.obj
c:\usr\hydra4\clearcanvas\dicom\codec\jpeg\libijg12\x64\debug\jdtrans.obj
c:\usr\hydra4\clearcanvas\dicom\codec\jpeg\libijg12\x64\debug\jerror.obj
c:\usr\hydra4\clearcanvas\dicom\codec\jpeg\libijg12\x64\debug\jfdctflt.obj
c:\usr\hydra4\clearcanvas\dicom\codec\jpeg\libijg12\x64\debug\jfdctfst.obj
c:\usr\hydra4\clearcanvas\dicom\codec\jpeg\libijg12\x64\debug\jfdctint.obj
c:\usr\hydra4\clearcanvas\dicom\codec\jpeg\libijg12\x64\debug\jidctflt.obj
c:\usr\hydra4\clearcanvas\dicom\codec\jpeg\libijg12\x64\debug\jidctfst.obj
c:\usr\hydra4\clearcanvas\dicom\codec\jpeg\libijg12\x64\debug\jidctint.obj
c:\usr\hydra4\clearcanvas\dicom\codec\jpeg\libijg12\x64\debug\jidctred.obj
c:\usr\hydra4\clearcanvas\dicom\codec\jpeg\libijg12\x64\debug\jmemmgr.obj
c:\usr\hydra4\clearcanvas\dicom\codec\jpeg\libijg12\x64\debug\jmemnobs.obj
c:\usr\hydra4\clearcanvas\dicom\codec\jpeg\libijg12\x64\debug\jquant1.obj
c:\usr\hydra4\clearcanvas\dicom\codec\jpeg\libijg12\x64\debug\jquant2.obj
c:\usr\hydra4\clearcanvas\dicom\codec\jpeg\libijg12\x64\debug\jutils.obj
c:\usr\hydra4\clearcanvas\dicom\codec\jpeg\libijg12\x64\debug\jcshuff.obj
c:\usr\hydra4\clearcanvas\dicom\codec\jpeg\libijg12\x64\debug\jctrans.obj
c:\usr\hydra4\clearcanvas\dicom\codec\jpeg\libijg12\x64\debug\jdapimin.obj
c:\usr\hydra4\clearcanvas\dicom\codec\jpeg\libijg12\x64\debug\jdapistd.obj
c:\usr\hydra4\clearcanvas\dicom\codec\jpeg\libijg12\x64\debug\jdarith.obj
c:\usr\hydra4\clearcanvas\dicom\codec\jpeg\libijg12\x64\debug\jdatadst.obj
c:\usr\hydra4\clearcanvas\dicom\codec\jpeg\libijg12\x64\debug\jdatasrc.obj
c:\usr\hydra4\clearcanvas\dicom\codec\jpeg\libijg12\x64\debug\jdcoefct.obj
c:\usr\hydra4\clearcanvas\dicom\codec\jpeg\libijg12\x64\debug\jdcolor.obj
c:\usr\hydra4\clearcanvas\dicom\codec\jpeg\libijg12\x64\debug\jddctmgr.obj
c:\usr\hydra4\clearcanvas\dicom\codec\jpeg\libijg12\x64\debug\jddiffct.obj
c:\usr\hydra4\clearcanvas\dicom\codec\jpeg\libijg12\x64\debug\jdhuff.obj
c:\usr\hydra4\clearcanvas\dicom\codec\jpeg\libijg12\x64\debug\jdinput.obj
c:\usr\hydra4\clearcanvas\dicom\codec\jpeg\libijg12\x64\debug\jdlhuff.obj
c:\usr\hydra4\clearcanvas\dicom\codec\jpeg\libijg12\x64\debug\jdlossls.obj
c:\usr\hydra4\clearcanvas\dicom\codec\jpeg\libijg12\x64\debug\jdlossy.obj
c:\usr\hydra4\clearcanvas\dicom\codec\jpeg\libijg12\x64\debug\jdmainct.obj
c:\usr\hydra4\clearcanvas\dicom\codec\jpeg\libijg12\x64\debug\jdmarker.obj
c:\usr\hydra4\clearcanvas\dicom\codec\jpeg\libijg12\x64\debug\jdmaster.obj
c:\usr\hydra4\clearcanvas\dicom\codec\jpeg\libijg12\x64\debug\jdmerge.obj
c:\usr\hydra4\clearcanvas\dicom\codec\jpeg\libijg12\x64\debug\jccoefct.obj
c:\usr\hydra4\clearcanvas\dicom\codec\jpeg\libijg12\x64\debug\jccolor.obj
c:\usr\hydra4\clearcanvas\dicom\codec\jpeg\libijg12\x64\debug\jcdctmgr.obj
c:\usr\hydra4\clearcanvas\dicom\codec\jpeg\libijg12\x64\debug\jcdiffct.obj
c:\usr\hydra4\clearcanvas\dicom\codec\jpeg\libijg12\x64\debug\jchuff.obj
c:\usr\hydra4\clearcanvas\dicom\codec\jpeg\libijg12\x64\debug\jcinit.obj
c:\usr\hydra4\clearcanvas\dicom\codec\jpeg\libijg12\x64\debug\jclhuff.obj
c:\usr\hydra4\clearcanvas\dicom\codec\jpeg\libijg12\x64\debug\jclossls.obj
c:\usr\hydra4\clearcanvas\dicom\codec\jpeg\libijg12\x64\debug\jclossy.obj
c:\usr\hydra4\clearcanvas\dicom\codec\jpeg\libijg12\x64\debug\jcmainct.obj
c:\usr\hydra4\clearcanvas\dicom\codec\jpeg\libijg12\x64\debug\jcmarker.obj
c:\usr\hydra4\clearcanvas\dicom\codec\jpeg\libijg12\x64\debug\jcmaster.obj
c:\usr\hydra4\clearcanvas\dicom\codec\jpeg\libijg12\x64\debug\jcodec.obj
c:\usr\hydra4\clearcanvas\dicom\codec\jpeg\libijg12\x64\debug\jcomapi.obj
c:\usr\hydra4\clearcanvas\dicom\codec\jpeg\libijg12\x64\debug\jcparam.obj
c:\usr\hydra4\clearcanvas\dicom\codec\jpeg\libijg12\x64\debug\jcphuff.obj
c:\usr\hydra4\clearcanvas\dicom\codec\jpeg\libijg12\x64\debug\jcpred.obj
c:\usr\hydra4\clearcanvas\dicom\codec\jpeg\libijg12\x64\debug\jcprepct.obj
c:\usr\hydra4\clearcanvas\dicom\codec\jpeg\libijg12\x64\debug\jcsample.obj
c:\usr\hydra4\clearcanvas\dicom\codec\jpeg\libijg12\x64\debug\jcscale.obj
c:\usr\hydra4\clearcanvas\dicom\codec\jpeg\libijg12\x64\debug\jaricom.obj
c:\usr\hydra4\clearcanvas\dicom\codec\jpeg\libijg12\x64\debug\jcapimin.obj
c:\usr\hydra4\clearcanvas\dicom\codec\jpeg\libijg12\x64\debug\jcapistd.obj
c:\usr\hydra4\clearcanvas\dicom\codec\jpeg\libijg12\x64\debug\jcarith.obj
c:\usr\hydra4\clearcanvas\dicom\codec\jpeg\libijg12\x64\debug\libijg12.lib
c:\usr\hydra4\clearcanvas\dicom\codec\jpeg\libijg12\x64\debug\libijg12.tlog\cl.command.1.tlog
c:\usr\hydra4\clearcanvas\dicom\codec\jpeg\libijg12\x64\debug\libijg12.tlog\cl.read.1.tlog
c:\usr\hydra4\clearcanvas\dicom\codec\jpeg\libijg12\x64\debug\libijg12.tlog\cl.write.1.tlog
c:\usr\hydra4\clearcanvas\dicom\codec\jpeg\libijg12\x64\debug\libijg12.tlog\lib-link.read.1.tlog
c:\usr\hydra4\clearcanvas\dicom\codec\jpeg\libijg12\x64\debug\libijg12.tlog\lib-link.write.1.tlog
c:\usr\hydra4\clearcanvas\dicom\codec\jpeg\libijg12\x64\debug\libijg12.tlog\lib.command.1.tlog
