c:\usr\hydra4\clearcanvas\dicom\codec\jpeg\x64\debug\vc142.pdb
c:\usr\hydra4\clearcanvas\dicom\codec\jpeg\x64\debug\.netframework,version=v4.5.assemblyattributes.obj
c:\usr\hydra4\clearcanvas\dicom\codec\jpeg\x64\debug\jpeg8codec.obj
c:\usr\hydra4\clearcanvas\dicom\codec\jpeg\x64\debug\jpeg16codec.obj
c:\usr\hydra4\clearcanvas\dicom\codec\jpeg\x64\debug\jpeg12codec.obj
c:\usr\hydra4\clearcanvas\dicom\codec\jpeg\x64\debug\dicomjpegcodecfactory.obj
c:\usr\hydra4\clearcanvas\dicom\codec\jpeg\x64\debug\dicomjpegcodec.obj
c:\usr\hydra4\clearcanvas\dicom\codec\jpeg\x64\debug\assemblyinfo.obj
c:\usr\hydra4\clearcanvas\dicom\codec\jpeg\x64\debug\clearcanvas.common.dll
c:\usr\hydra4\clearcanvas\dicom\codec\jpeg\x64\debug\clearcanvas.dicom.dll
c:\usr\hydra4\clearcanvas\dicom\codec\jpeg\x64\debug\log4net.dll
c:\usr\hydra4\clearcanvas\dicom\codec\jpeg\x64\debug\clearcanvas.common.pdb
c:\usr\hydra4\clearcanvas\dicom\codec\jpeg\x64\debug\clearcanvas.common.dll.config
c:\usr\hydra4\clearcanvas\dicom\codec\jpeg\x64\debug\clearcanvas.dicom.pdb
c:\usr\hydra4\clearcanvas\dicom\codec\jpeg\x64\debug\clearcanvas.dicom.dll.config
c:\usr\hydra4\clearcanvas\dicom\codec\jpeg\x64\debug\log4net.xml
c:\usr\hydra4\clearcanvas\dicom\codec\jpeg\x64\debug\clearcanvas.dicom.codec.jpeg.dll
c:\usr\hydra4\clearcanvas\dicom\codec\jpeg\x64\debug\clearcanvas.dicom.codec.jpeg.pdb
c:\usr\hydra4\clearcanvas\dicom\codec\jpeg\x64\debug\clearcan.fc264853.tlog\metagen.write.1.tlog
c:\usr\hydra4\clearcanvas\dicom\codec\jpeg\x64\debug\app.res
c:\usr\hydra4\clearcanvas\dicom\codec\jpeg\x64\debug\clearcan.fc264853.tlog\cl.command.1.tlog
c:\usr\hydra4\clearcanvas\dicom\codec\jpeg\x64\debug\clearcan.fc264853.tlog\cl.read.1.tlog
c:\usr\hydra4\clearcanvas\dicom\codec\jpeg\x64\debug\clearcan.fc264853.tlog\cl.write.1.tlog
c:\usr\hydra4\clearcanvas\dicom\codec\jpeg\x64\debug\clearcan.fc264853.tlog\copylocal.read.1u.tlog
c:\usr\hydra4\clearcanvas\dicom\codec\jpeg\x64\debug\clearcan.fc264853.tlog\copylocal.write.1u.tlog
c:\usr\hydra4\clearcanvas\dicom\codec\jpeg\x64\debug\clearcan.fc264853.tlog\link.command.1.tlog
c:\usr\hydra4\clearcanvas\dicom\codec\jpeg\x64\debug\clearcan.fc264853.tlog\link.read.1.tlog
c:\usr\hydra4\clearcanvas\dicom\codec\jpeg\x64\debug\clearcan.fc264853.tlog\link.write.1.tlog
c:\usr\hydra4\clearcanvas\dicom\codec\jpeg\x64\debug\clearcan.fc264853.tlog\metagen.read.1.tlog
c:\usr\hydra4\clearcanvas\dicom\codec\jpeg\x64\debug\clearcan.fc264853.tlog\rc.command.1.tlog
c:\usr\hydra4\clearcanvas\dicom\codec\jpeg\x64\debug\clearcan.fc264853.tlog\rc.read.1.tlog
c:\usr\hydra4\clearcanvas\dicom\codec\jpeg\x64\debug\clearcan.fc264853.tlog\rc.write.1.tlog
c:\usr\hydra4\clearcanvas\dicom\codec\jpeg\x64\debug\clearcan.fc264853.tlog\clearcanvas.common.dll.metagen
c:\usr\hydra4\clearcanvas\dicom\codec\jpeg\x64\debug\clearcan.fc264853.tlog\clearcanvas.dicom.dll.metagen
