c:\git\p284\code\imag-code-p284\imag_source\visa\cpp\mimeconverter\clearcanvas\dicom\codec\jpeg2000\x64\release\vc142.pdb
c:\git\p284\code\imag-code-p284\imag_source\visa\cpp\mimeconverter\clearcanvas\dicom\codec\jpeg2000\x64\release\assemblyinfo.sbr
c:\git\p284\code\imag-code-p284\imag_source\visa\cpp\mimeconverter\clearcanvas\dicom\codec\jpeg2000\x64\release\dicomjpeg2000codec.sbr
c:\git\p284\code\imag-code-p284\imag_source\visa\cpp\mimeconverter\clearcanvas\dicom\codec\jpeg2000\x64\release\dicomjpeg2000codecfactory.sbr
c:\git\p284\code\imag-code-p284\imag_source\visa\cpp\mimeconverter\clearcanvas\dicom\codec\jpeg2000\x64\release\.netframework,version=v4.5.assemblyattributes.sbr
c:\git\p284\code\imag-code-p284\imag_source\visa\cpp\mimeconverter\clearcanvas\dicom\codec\jpeg2000\x64\release\.netframework,version=v4.5.assemblyattributes.obj
c:\git\p284\code\imag-code-p284\imag_source\visa\cpp\mimeconverter\clearcanvas\dicom\codec\jpeg2000\x64\release\dicomjpeg2000codecfactory.obj
c:\git\p284\code\imag-code-p284\imag_source\visa\cpp\mimeconverter\clearcanvas\dicom\codec\jpeg2000\x64\release\dicomjpeg2000codec.obj
c:\git\p284\code\imag-code-p284\imag_source\visa\cpp\mimeconverter\clearcanvas\dicom\codec\jpeg2000\x64\release\assemblyinfo.obj
c:\git3\imag-code\imag_source\visa\dotnet\mimeconverter\clearcanvas\dicom\codec\jpeg2000\x64\release\vc142.pdb
c:\git3\imag-code\imag_source\visa\dotnet\mimeconverter\clearcanvas\dicom\codec\jpeg2000\x64\release\assemblyinfo.sbr
c:\git3\imag-code\imag_source\visa\dotnet\mimeconverter\clearcanvas\dicom\codec\jpeg2000\x64\release\dicomjpeg2000codec.sbr
c:\git3\imag-code\imag_source\visa\dotnet\mimeconverter\clearcanvas\dicom\codec\jpeg2000\x64\release\dicomjpeg2000codecfactory.sbr
c:\git3\imag-code\imag_source\visa\dotnet\mimeconverter\clearcanvas\dicom\codec\jpeg2000\x64\release\.netframework,version=v4.5.assemblyattributes.sbr
c:\git3\imag-code\imag_source\visa\dotnet\mimeconverter\clearcanvas\dicom\codec\jpeg2000\x64\release\.netframework,version=v4.5.assemblyattributes.obj
c:\git3\imag-code\imag_source\visa\dotnet\mimeconverter\clearcanvas\dicom\codec\jpeg2000\x64\release\dicomjpeg2000codecfactory.obj
c:\git3\imag-code\imag_source\visa\dotnet\mimeconverter\clearcanvas\dicom\codec\jpeg2000\x64\release\dicomjpeg2000codec.obj
c:\git3\imag-code\imag_source\visa\dotnet\mimeconverter\clearcanvas\dicom\codec\jpeg2000\x64\release\assemblyinfo.obj
c:\git\p284\code\imag-code-p284\imag_source\visa\cpp\mimeconverter\clearcanvas\dicom\codec\jpeg2000\x64\release\clearcanvas.common.dll
c:\git\p284\code\imag-code-p284\imag_source\visa\cpp\mimeconverter\clearcanvas\dicom\codec\jpeg2000\x64\release\clearcanvas.dicom.dll
c:\git\p284\code\imag-code-p284\imag_source\visa\cpp\mimeconverter\clearcanvas\dicom\codec\jpeg2000\x64\release\log4net.dll
c:\git\p284\code\imag-code-p284\imag_source\visa\cpp\mimeconverter\clearcanvas\dicom\codec\jpeg2000\x64\release\clearcanvas.common.pdb
c:\git\p284\code\imag-code-p284\imag_source\visa\cpp\mimeconverter\clearcanvas\dicom\codec\jpeg2000\x64\release\clearcanvas.common.xml
c:\git\p284\code\imag-code-p284\imag_source\visa\cpp\mimeconverter\clearcanvas\dicom\codec\jpeg2000\x64\release\clearcanvas.common.dll.config
c:\git\p284\code\imag-code-p284\imag_source\visa\cpp\mimeconverter\clearcanvas\dicom\codec\jpeg2000\x64\release\clearcanvas.dicom.pdb
c:\git\p284\code\imag-code-p284\imag_source\visa\cpp\mimeconverter\clearcanvas\dicom\codec\jpeg2000\x64\release\clearcanvas.dicom.dll.config
c:\git\p284\code\imag-code-p284\imag_source\visa\cpp\mimeconverter\clearcanvas\dicom\codec\jpeg2000\x64\release\log4net.xml
c:\git\p284\code\imag-code-p284\imag_source\visa\cpp\mimeconverter\clearcanvas\dicom\codec\jpeg2000\x64\release\clearcanvas.dicom.codec.jpeg2000.ipdb
c:\git\p284\code\imag-code-p284\imag_source\visa\cpp\mimeconverter\clearcanvas\dicom\codec\jpeg2000\x64\release\clearcanvas.dicom.codec.jpeg2000.iobj
c:\git3\imag-code\imag_source\visa\dotnet\mimeconverter\clearcanvas\dicom\codec\jpeg2000\x64\release\clearcanvas.common.dll
c:\git3\imag-code\imag_source\visa\dotnet\mimeconverter\clearcanvas\dicom\codec\jpeg2000\x64\release\clearcanvas.dicom.dll
c:\git3\imag-code\imag_source\visa\dotnet\mimeconverter\clearcanvas\dicom\codec\jpeg2000\x64\release\log4net.dll
c:\git3\imag-code\imag_source\visa\dotnet\mimeconverter\clearcanvas\dicom\codec\jpeg2000\x64\release\clearcanvas.common.pdb
c:\git3\imag-code\imag_source\visa\dotnet\mimeconverter\clearcanvas\dicom\codec\jpeg2000\x64\release\clearcanvas.common.xml
c:\git3\imag-code\imag_source\visa\dotnet\mimeconverter\clearcanvas\dicom\codec\jpeg2000\x64\release\clearcanvas.common.dll.config
c:\git3\imag-code\imag_source\visa\dotnet\mimeconverter\clearcanvas\dicom\codec\jpeg2000\x64\release\clearcanvas.dicom.pdb
c:\git3\imag-code\imag_source\visa\dotnet\mimeconverter\clearcanvas\dicom\codec\jpeg2000\x64\release\clearcanvas.dicom.dll.config
c:\git3\imag-code\imag_source\visa\dotnet\mimeconverter\clearcanvas\dicom\codec\jpeg2000\x64\release\log4net.xml
c:\git3\imag-code\imag_source\visa\dotnet\mimeconverter\clearcanvas\dicom\codec\jpeg2000\x64\release\clearcanvas.dicom.codec.jpeg2000.ipdb
c:\git3\imag-code\imag_source\visa\dotnet\mimeconverter\clearcanvas\dicom\codec\jpeg2000\x64\release\clearcanvas.dicom.codec.jpeg2000.iobj
c:\git\p284\code\imag-code-p284\imag_source\visa\cpp\mimeconverter\clearcanvas\dicom\codec\jpeg2000\x64\release\clearcanvas.dicom.codec.jpeg2000.dll
c:\git\p284\code\imag-code-p284\imag_source\visa\cpp\mimeconverter\clearcanvas\dicom\codec\jpeg2000\x64\release\clearcanvas.dicom.codec.jpeg2000.pdb
c:\git3\imag-code\imag_source\visa\dotnet\mimeconverter\clearcanvas\dicom\codec\jpeg2000\x64\release\clearcanvas.dicom.codec.jpeg2000.dll
c:\git3\imag-code\imag_source\visa\dotnet\mimeconverter\clearcanvas\dicom\codec\jpeg2000\x64\release\clearcanvas.dicom.codec.jpeg2000.pdb
c:\git3\imag-code\imag_source\visa\dotnet\mimeconverter\clearcanvas\dicom\codec\jpeg2000\x64\release\clearcan.b389f627.tlog\metagen.write.1.tlog
c:\git3\p269-485\imag_source\visa\dotnet\vixviewer\mimeconverter\clearcanvas\dicom\codec\jpeg2000\x64\release\dicom.jpeg2000.vcxprojassemblyreference.cache
c:\git3\p269-485\imag_source\visa\dotnet\vixviewer\mimeconverter\clearcanvas\dicom\codec\jpeg2000\x64\release\.netframework,version=v4.5.assemblyattributes.obj
c:\git3\p269-485\imag_source\visa\dotnet\vixviewer\mimeconverter\clearcanvas\dicom\codec\jpeg2000\x64\release\assemblyinfo.obj
c:\git3\p269-485\imag_source\visa\dotnet\vixviewer\mimeconverter\clearcanvas\dicom\codec\jpeg2000\x64\release\dicomjpeg2000codec.obj
c:\git3\p269-485\imag_source\visa\dotnet\vixviewer\mimeconverter\clearcanvas\dicom\codec\jpeg2000\x64\release\dicomjpeg2000codecfactory.obj
c:\git3\p269-485\imag_source\visa\dotnet\vixviewer\mimeconverter\clearcanvas\dicom\codec\jpeg2000\x64\release\clearcanvas.dicom.codec.jpeg2000.ipdb
c:\git3\p269-485\imag_source\visa\dotnet\vixviewer\mimeconverter\clearcanvas\dicom\codec\jpeg2000\x64\release\clearcanvas.dicom.codec.jpeg2000.iobj
c:\git3\p269-485\imag_source\visa\dotnet\vixviewer\mimeconverter\clearcanvas\dicom\codec\jpeg2000\x64\release\clearcanvas.common.pdb
c:\git3\p269-485\imag_source\visa\dotnet\vixviewer\mimeconverter\clearcanvas\dicom\codec\jpeg2000\x64\release\clearcanvas.dicom.codec.jpeg2000.pdb
c:\git3\p269-485\imag_source\visa\dotnet\vixviewer\mimeconverter\clearcanvas\dicom\codec\jpeg2000\x64\release\clearcanvas.dicom.pdb
c:\git3\p269-485\imag_source\visa\dotnet\vixviewer\mimeconverter\clearcanvas\dicom\codec\jpeg2000\x64\release\vc142.pdb
c:\git3\p269-485\imag_source\visa\dotnet\vixviewer\mimeconverter\clearcanvas\dicom\codec\jpeg2000\x64\release\clearcanvas.dicom.codec.jpeg2000.bsc
c:\git3\p269-485\imag_source\visa\dotnet\vixviewer\mimeconverter\clearcanvas\dicom\codec\jpeg2000\x64\release\.netframework,version=v4.5.assemblyattributes.sbr
c:\git3\p269-485\imag_source\visa\dotnet\vixviewer\mimeconverter\clearcanvas\dicom\codec\jpeg2000\x64\release\assemblyinfo.sbr
c:\git3\p269-485\imag_source\visa\dotnet\vixviewer\mimeconverter\clearcanvas\dicom\codec\jpeg2000\x64\release\dicomjpeg2000codec.sbr
c:\git3\p269-485\imag_source\visa\dotnet\vixviewer\mimeconverter\clearcanvas\dicom\codec\jpeg2000\x64\release\dicomjpeg2000codecfactory.sbr
c:\git3\p269-485\imag_source\visa\dotnet\vixviewer\mimeconverter\clearcanvas\dicom\codec\jpeg2000\x64\release\clearcanvas.common.xml
c:\git3\p269-485\imag_source\visa\dotnet\vixviewer\mimeconverter\clearcanvas\dicom\codec\jpeg2000\x64\release\log4net.xml
c:\git3\p269-485\imag_source\visa\dotnet\vixviewer\mimeconverter\clearcanvas\dicom\codec\jpeg2000\x64\release\clearcanvas.dicom.codec.jpeg2000.dll
c:\git3\p269-485\imag_source\visa\dotnet\vixviewer\mimeconverter\clearcanvas\dicom\codec\jpeg2000\x64\release\clearcan.b389f627.tlog\bscmake.command.1.tlog
c:\git3\p269-485\imag_source\visa\dotnet\vixviewer\mimeconverter\clearcanvas\dicom\codec\jpeg2000\x64\release\clearcan.b389f627.tlog\bscmake.read.1.tlog
c:\git3\p269-485\imag_source\visa\dotnet\vixviewer\mimeconverter\clearcanvas\dicom\codec\jpeg2000\x64\release\clearcan.b389f627.tlog\cl.command.1.tlog
c:\git3\p269-485\imag_source\visa\dotnet\vixviewer\mimeconverter\clearcanvas\dicom\codec\jpeg2000\x64\release\clearcan.b389f627.tlog\cl.read.1.tlog
c:\git3\p269-485\imag_source\visa\dotnet\vixviewer\mimeconverter\clearcanvas\dicom\codec\jpeg2000\x64\release\clearcan.b389f627.tlog\cl.write.1.tlog
c:\git3\p269-485\imag_source\visa\dotnet\vixviewer\mimeconverter\clearcanvas\dicom\codec\jpeg2000\x64\release\clearcan.b389f627.tlog\clearcanvas.dicom.codec.jpeg2000.read.1u.tlog
c:\git3\p269-485\imag_source\visa\dotnet\vixviewer\mimeconverter\clearcanvas\dicom\codec\jpeg2000\x64\release\clearcan.b389f627.tlog\clearcanvas.dicom.codec.jpeg2000.write.1u.tlog
c:\git3\p269-485\imag_source\visa\dotnet\vixviewer\mimeconverter\clearcanvas\dicom\codec\jpeg2000\x64\release\clearcan.b389f627.tlog\link.command.1.tlog
c:\git3\p269-485\imag_source\visa\dotnet\vixviewer\mimeconverter\clearcanvas\dicom\codec\jpeg2000\x64\release\clearcan.b389f627.tlog\link.read.1.tlog
c:\git3\p269-485\imag_source\visa\dotnet\vixviewer\mimeconverter\clearcanvas\dicom\codec\jpeg2000\x64\release\clearcan.b389f627.tlog\link.write.1.tlog
c:\git3\p269-485\imag_source\visa\dotnet\vixviewer\mimeconverter\clearcanvas\dicom\codec\jpeg2000\x64\release\clearcan.b389f627.tlog\metagen.read.1.tlog
c:\git3\p269-485\imag_source\visa\dotnet\vixviewer\mimeconverter\clearcanvas\dicom\codec\jpeg2000\x64\release\clearcan.b389f627.tlog\metagen.write.1.tlog
c:\git3\p269-485\imag_source\visa\dotnet\vixviewer\mimeconverter\clearcanvas\dicom\codec\jpeg2000\x64\release\clearcan.b389f627.tlog\clearcanvas.common.dll.metagen
c:\git3\p269-485\imag_source\visa\dotnet\vixviewer\mimeconverter\clearcanvas\dicom\codec\jpeg2000\x64\release\clearcan.b389f627.tlog\clearcanvas.dicom.dll.metagen
