c:\git\p284\code\imag-code-p284\imag_source\visa\cpp\mimeconverter\clearcanvas\imageviewer\rendering\bilinearinterpolation\x64\release\bilinearinterpolation.lib
c:\git\p284\code\imag-code-p284\imag_source\visa\cpp\mimeconverter\clearcanvas\imageviewer\rendering\bilinearinterpolation\x64\release\bilinearinterpolation.exp
c:\git\p284\code\imag-code-p284\imag_source\visa\cpp\mimeconverter\clearcanvas\imageviewer\rendering\bilinearinterpolation\x64\release\bilinearinterpolation.ipdb
c:\git\p284\code\imag-code-p284\imag_source\visa\cpp\mimeconverter\clearcanvas\imageviewer\rendering\bilinearinterpolation\x64\release\bilinearinterpolation.iobj
c:\git3\imag-code\imag_source\visa\dotnet\mimeconverter\clearcanvas\imageviewer\rendering\bilinearinterpolation\x64\release\bilinearinterpolation.lib
c:\git3\imag-code\imag_source\visa\dotnet\mimeconverter\clearcanvas\imageviewer\rendering\bilinearinterpolation\x64\release\bilinearinterpolation.exp
c:\git3\imag-code\imag_source\visa\dotnet\mimeconverter\clearcanvas\imageviewer\rendering\bilinearinterpolation\x64\release\bilinearinterpolation.ipdb
c:\git3\imag-code\imag_source\visa\dotnet\mimeconverter\clearcanvas\imageviewer\rendering\bilinearinterpolation\x64\release\bilinearinterpolation.iobj
c:\git\p284\code\imag-code-p284\imag_source\visa\cpp\mimeconverter\clearcanvas\imageviewer\rendering\bilinearinterpolation\x64\release\bilinearinterpolation.pch
c:\git\p284\code\imag-code-p284\imag_source\visa\cpp\mimeconverter\clearcanvas\imageviewer\rendering\bilinearinterpolation\x64\release\stdafx.sbr
c:\git\p284\code\imag-code-p284\imag_source\visa\cpp\mimeconverter\clearcanvas\imageviewer\rendering\bilinearinterpolation\x64\release\stdafx.obj
c:\git\p284\code\imag-code-p284\imag_source\visa\cpp\mimeconverter\clearcanvas\imageviewer\rendering\bilinearinterpolation\x64\release\bilinearinterpolation.sbr
c:\git\p284\code\imag-code-p284\imag_source\visa\cpp\mimeconverter\clearcanvas\imageviewer\rendering\bilinearinterpolation\x64\release\bilinearinterpolation.obj
c:\git3\imag-code\imag_source\visa\dotnet\mimeconverter\clearcanvas\imageviewer\rendering\bilinearinterpolation\x64\release\bilinearinterpolation.pch
c:\git3\imag-code\imag_source\visa\dotnet\mimeconverter\clearcanvas\imageviewer\rendering\bilinearinterpolation\x64\release\stdafx.sbr
c:\git3\imag-code\imag_source\visa\dotnet\mimeconverter\clearcanvas\imageviewer\rendering\bilinearinterpolation\x64\release\stdafx.obj
c:\git3\imag-code\imag_source\visa\dotnet\mimeconverter\clearcanvas\imageviewer\rendering\bilinearinterpolation\x64\release\bilinearinterpolation.sbr
c:\git3\imag-code\imag_source\visa\dotnet\mimeconverter\clearcanvas\imageviewer\rendering\bilinearinterpolation\x64\release\bilinearinterpolation.obj
c:\git\p284\code\imag-code-p284\imag_source\visa\cpp\mimeconverter\clearcanvas\imageviewer\rendering\bilinearinterpolation\x64\release\bilinearinterpolation.dll
c:\git3\imag-code\imag_source\visa\dotnet\mimeconverter\clearcanvas\imageviewer\rendering\bilinearinterpolation\x64\release\bilinearinterpolation.dll
c:\git3\p269-485\imag_source\visa\dotnet\vixviewer\mimeconverter\clearcanvas\imageviewer\rendering\bilinearinterpolation\x64\release\bilinearinterpolation.obj
c:\git3\p269-485\imag_source\visa\dotnet\vixviewer\mimeconverter\clearcanvas\imageviewer\rendering\bilinearinterpolation\x64\release\stdafx.obj
c:\git3\p269-485\imag_source\visa\dotnet\vixviewer\mimeconverter\clearcanvas\imageviewer\rendering\bilinearinterpolation\x64\release\bilinearinterpolation.ipdb
c:\git3\p269-485\imag_source\visa\dotnet\vixviewer\mimeconverter\clearcanvas\imageviewer\rendering\bilinearinterpolation\x64\release\bilinearinterpolation.iobj
c:\git3\p269-485\imag_source\visa\dotnet\vixviewer\mimeconverter\clearcanvas\imageviewer\rendering\bilinearinterpolation\x64\release\bilinearinterpolation.pch
c:\git3\p269-485\imag_source\visa\dotnet\vixviewer\mimeconverter\clearcanvas\imageviewer\rendering\bilinearinterpolation\x64\release\bilinearinterpolation.exp
c:\git3\p269-485\imag_source\visa\dotnet\vixviewer\mimeconverter\clearcanvas\imageviewer\rendering\bilinearinterpolation\x64\release\bilinearinterpolation.bsc
c:\git3\p269-485\imag_source\visa\dotnet\vixviewer\mimeconverter\clearcanvas\imageviewer\rendering\bilinearinterpolation\x64\release\bilinearinterpolation.sbr
c:\git3\p269-485\imag_source\visa\dotnet\vixviewer\mimeconverter\clearcanvas\imageviewer\rendering\bilinearinterpolation\x64\release\stdafx.sbr
c:\git3\p269-485\imag_source\visa\dotnet\vixviewer\mimeconverter\clearcanvas\imageviewer\rendering\bilinearinterpolation\x64\release\bilinearinterpolation.dll
c:\git3\p269-485\imag_source\visa\dotnet\vixviewer\mimeconverter\clearcanvas\imageviewer\rendering\bilinearinterpolation\x64\release\bilinear.74284a16.tlog\bilinearinterpolation.write.1u.tlog
c:\git3\p269-485\imag_source\visa\dotnet\vixviewer\mimeconverter\clearcanvas\imageviewer\rendering\bilinearinterpolation\x64\release\bilinear.74284a16.tlog\bscmake.command.1.tlog
c:\git3\p269-485\imag_source\visa\dotnet\vixviewer\mimeconverter\clearcanvas\imageviewer\rendering\bilinearinterpolation\x64\release\bilinear.74284a16.tlog\bscmake.read.1.tlog
c:\git3\p269-485\imag_source\visa\dotnet\vixviewer\mimeconverter\clearcanvas\imageviewer\rendering\bilinearinterpolation\x64\release\bilinear.74284a16.tlog\cl.command.1.tlog
c:\git3\p269-485\imag_source\visa\dotnet\vixviewer\mimeconverter\clearcanvas\imageviewer\rendering\bilinearinterpolation\x64\release\bilinear.74284a16.tlog\cl.read.1.tlog
c:\git3\p269-485\imag_source\visa\dotnet\vixviewer\mimeconverter\clearcanvas\imageviewer\rendering\bilinearinterpolation\x64\release\bilinear.74284a16.tlog\cl.write.1.tlog
c:\git3\p269-485\imag_source\visa\dotnet\vixviewer\mimeconverter\clearcanvas\imageviewer\rendering\bilinearinterpolation\x64\release\bilinear.74284a16.tlog\link.command.1.tlog
c:\git3\p269-485\imag_source\visa\dotnet\vixviewer\mimeconverter\clearcanvas\imageviewer\rendering\bilinearinterpolation\x64\release\bilinear.74284a16.tlog\link.read.1.tlog
c:\git3\p269-485\imag_source\visa\dotnet\vixviewer\mimeconverter\clearcanvas\imageviewer\rendering\bilinearinterpolation\x64\release\bilinear.74284a16.tlog\link.write.1.tlog
