c:\git\p284\code\imag-code-p284\imag_source\visa\cpp\mimeconverter\clearcanvas\dicom\codec\jpeg\libijg12\x64\release\libijg12.pdb
c:\git\p284\code\imag-code-p284\imag_source\visa\cpp\mimeconverter\clearcanvas\dicom\codec\jpeg\libijg12\x64\release\jaricom.sbr
c:\git\p284\code\imag-code-p284\imag_source\visa\cpp\mimeconverter\clearcanvas\dicom\codec\jpeg\libijg12\x64\release\jcapimin.sbr
c:\git\p284\code\imag-code-p284\imag_source\visa\cpp\mimeconverter\clearcanvas\dicom\codec\jpeg\libijg12\x64\release\jcapistd.sbr
c:\git\p284\code\imag-code-p284\imag_source\visa\cpp\mimeconverter\clearcanvas\dicom\codec\jpeg\libijg12\x64\release\jcarith.sbr
c:\git\p284\code\imag-code-p284\imag_source\visa\cpp\mimeconverter\clearcanvas\dicom\codec\jpeg\libijg12\x64\release\jccoefct.sbr
c:\git\p284\code\imag-code-p284\imag_source\visa\cpp\mimeconverter\clearcanvas\dicom\codec\jpeg\libijg12\x64\release\jccolor.sbr
c:\git\p284\code\imag-code-p284\imag_source\visa\cpp\mimeconverter\clearcanvas\dicom\codec\jpeg\libijg12\x64\release\jcdctmgr.sbr
c:\git\p284\code\imag-code-p284\imag_source\visa\cpp\mimeconverter\clearcanvas\dicom\codec\jpeg\libijg12\x64\release\jcdiffct.sbr
c:\git\p284\code\imag-code-p284\imag_source\visa\cpp\mimeconverter\clearcanvas\dicom\codec\jpeg\libijg12\x64\release\jchuff.sbr
c:\git\p284\code\imag-code-p284\imag_source\visa\cpp\mimeconverter\clearcanvas\dicom\codec\jpeg\libijg12\x64\release\jcinit.sbr
c:\git\p284\code\imag-code-p284\imag_source\visa\cpp\mimeconverter\clearcanvas\dicom\codec\jpeg\libijg12\x64\release\jclhuff.sbr
c:\git\p284\code\imag-code-p284\imag_source\visa\cpp\mimeconverter\clearcanvas\dicom\codec\jpeg\libijg12\x64\release\jclossls.sbr
c:\git\p284\code\imag-code-p284\imag_source\visa\cpp\mimeconverter\clearcanvas\dicom\codec\jpeg\libijg12\x64\release\jclossy.sbr
c:\git\p284\code\imag-code-p284\imag_source\visa\cpp\mimeconverter\clearcanvas\dicom\codec\jpeg\libijg12\x64\release\jcmainct.sbr
c:\git\p284\code\imag-code-p284\imag_source\visa\cpp\mimeconverter\clearcanvas\dicom\codec\jpeg\libijg12\x64\release\jcmarker.sbr
c:\git\p284\code\imag-code-p284\imag_source\visa\cpp\mimeconverter\clearcanvas\dicom\codec\jpeg\libijg12\x64\release\jcmaster.sbr
c:\git\p284\code\imag-code-p284\imag_source\visa\cpp\mimeconverter\clearcanvas\dicom\codec\jpeg\libijg12\x64\release\jcodec.sbr
c:\git\p284\code\imag-code-p284\imag_source\visa\cpp\mimeconverter\clearcanvas\dicom\codec\jpeg\libijg12\x64\release\jcomapi.sbr
c:\git\p284\code\imag-code-p284\imag_source\visa\cpp\mimeconverter\clearcanvas\dicom\codec\jpeg\libijg12\x64\release\jcparam.sbr
c:\git\p284\code\imag-code-p284\imag_source\visa\cpp\mimeconverter\clearcanvas\dicom\codec\jpeg\libijg12\x64\release\jcphuff.sbr
c:\git\p284\code\imag-code-p284\imag_source\visa\cpp\mimeconverter\clearcanvas\dicom\codec\jpeg\libijg12\x64\release\jcphuff.obj
c:\git\p284\code\imag-code-p284\imag_source\visa\cpp\mimeconverter\clearcanvas\dicom\codec\jpeg\libijg12\x64\release\jcparam.obj
c:\git\p284\code\imag-code-p284\imag_source\visa\cpp\mimeconverter\clearcanvas\dicom\codec\jpeg\libijg12\x64\release\jcomapi.obj
c:\git\p284\code\imag-code-p284\imag_source\visa\cpp\mimeconverter\clearcanvas\dicom\codec\jpeg\libijg12\x64\release\jcodec.obj
c:\git\p284\code\imag-code-p284\imag_source\visa\cpp\mimeconverter\clearcanvas\dicom\codec\jpeg\libijg12\x64\release\jcmaster.obj
c:\git\p284\code\imag-code-p284\imag_source\visa\cpp\mimeconverter\clearcanvas\dicom\codec\jpeg\libijg12\x64\release\jcmarker.obj
c:\git\p284\code\imag-code-p284\imag_source\visa\cpp\mimeconverter\clearcanvas\dicom\codec\jpeg\libijg12\x64\release\jcmainct.obj
c:\git\p284\code\imag-code-p284\imag_source\visa\cpp\mimeconverter\clearcanvas\dicom\codec\jpeg\libijg12\x64\release\jclossy.obj
c:\git\p284\code\imag-code-p284\imag_source\visa\cpp\mimeconverter\clearcanvas\dicom\codec\jpeg\libijg12\x64\release\jclossls.obj
c:\git\p284\code\imag-code-p284\imag_source\visa\cpp\mimeconverter\clearcanvas\dicom\codec\jpeg\libijg12\x64\release\jclhuff.obj
c:\git\p284\code\imag-code-p284\imag_source\visa\cpp\mimeconverter\clearcanvas\dicom\codec\jpeg\libijg12\x64\release\jcinit.obj
c:\git\p284\code\imag-code-p284\imag_source\visa\cpp\mimeconverter\clearcanvas\dicom\codec\jpeg\libijg12\x64\release\jchuff.obj
c:\git\p284\code\imag-code-p284\imag_source\visa\cpp\mimeconverter\clearcanvas\dicom\codec\jpeg\libijg12\x64\release\jcdiffct.obj
c:\git\p284\code\imag-code-p284\imag_source\visa\cpp\mimeconverter\clearcanvas\dicom\codec\jpeg\libijg12\x64\release\jcdctmgr.obj
c:\git\p284\code\imag-code-p284\imag_source\visa\cpp\mimeconverter\clearcanvas\dicom\codec\jpeg\libijg12\x64\release\jccolor.obj
c:\git\p284\code\imag-code-p284\imag_source\visa\cpp\mimeconverter\clearcanvas\dicom\codec\jpeg\libijg12\x64\release\jccoefct.obj
c:\git\p284\code\imag-code-p284\imag_source\visa\cpp\mimeconverter\clearcanvas\dicom\codec\jpeg\libijg12\x64\release\jcarith.obj
c:\git\p284\code\imag-code-p284\imag_source\visa\cpp\mimeconverter\clearcanvas\dicom\codec\jpeg\libijg12\x64\release\jcapistd.obj
c:\git\p284\code\imag-code-p284\imag_source\visa\cpp\mimeconverter\clearcanvas\dicom\codec\jpeg\libijg12\x64\release\jcapimin.obj
c:\git\p284\code\imag-code-p284\imag_source\visa\cpp\mimeconverter\clearcanvas\dicom\codec\jpeg\libijg12\x64\release\jaricom.obj
c:\git\p284\code\imag-code-p284\imag_source\visa\cpp\mimeconverter\clearcanvas\dicom\codec\jpeg\libijg12\x64\release\jcpred.sbr
c:\git\p284\code\imag-code-p284\imag_source\visa\cpp\mimeconverter\clearcanvas\dicom\codec\jpeg\libijg12\x64\release\jcprepct.sbr
c:\git\p284\code\imag-code-p284\imag_source\visa\cpp\mimeconverter\clearcanvas\dicom\codec\jpeg\libijg12\x64\release\jcsample.sbr
c:\git\p284\code\imag-code-p284\imag_source\visa\cpp\mimeconverter\clearcanvas\dicom\codec\jpeg\libijg12\x64\release\jcscale.sbr
c:\git\p284\code\imag-code-p284\imag_source\visa\cpp\mimeconverter\clearcanvas\dicom\codec\jpeg\libijg12\x64\release\jcshuff.sbr
c:\git\p284\code\imag-code-p284\imag_source\visa\cpp\mimeconverter\clearcanvas\dicom\codec\jpeg\libijg12\x64\release\jctrans.sbr
c:\git\p284\code\imag-code-p284\imag_source\visa\cpp\mimeconverter\clearcanvas\dicom\codec\jpeg\libijg12\x64\release\jdapimin.sbr
c:\git\p284\code\imag-code-p284\imag_source\visa\cpp\mimeconverter\clearcanvas\dicom\codec\jpeg\libijg12\x64\release\jdapistd.sbr
c:\git\p284\code\imag-code-p284\imag_source\visa\cpp\mimeconverter\clearcanvas\dicom\codec\jpeg\libijg12\x64\release\jdarith.sbr
c:\git\p284\code\imag-code-p284\imag_source\visa\cpp\mimeconverter\clearcanvas\dicom\codec\jpeg\libijg12\x64\release\jdatadst.sbr
c:\git\p284\code\imag-code-p284\imag_source\visa\cpp\mimeconverter\clearcanvas\dicom\codec\jpeg\libijg12\x64\release\jdatasrc.sbr
c:\git\p284\code\imag-code-p284\imag_source\visa\cpp\mimeconverter\clearcanvas\dicom\codec\jpeg\libijg12\x64\release\jdcoefct.sbr
c:\git\p284\code\imag-code-p284\imag_source\visa\cpp\mimeconverter\clearcanvas\dicom\codec\jpeg\libijg12\x64\release\jdcolor.sbr
c:\git\p284\code\imag-code-p284\imag_source\visa\cpp\mimeconverter\clearcanvas\dicom\codec\jpeg\libijg12\x64\release\jddctmgr.sbr
c:\git\p284\code\imag-code-p284\imag_source\visa\cpp\mimeconverter\clearcanvas\dicom\codec\jpeg\libijg12\x64\release\jddiffct.sbr
c:\git\p284\code\imag-code-p284\imag_source\visa\cpp\mimeconverter\clearcanvas\dicom\codec\jpeg\libijg12\x64\release\jdhuff.sbr
c:\git\p284\code\imag-code-p284\imag_source\visa\cpp\mimeconverter\clearcanvas\dicom\codec\jpeg\libijg12\x64\release\jdinput.sbr
c:\git\p284\code\imag-code-p284\imag_source\visa\cpp\mimeconverter\clearcanvas\dicom\codec\jpeg\libijg12\x64\release\jdlhuff.sbr
c:\git\p284\code\imag-code-p284\imag_source\visa\cpp\mimeconverter\clearcanvas\dicom\codec\jpeg\libijg12\x64\release\jdlossls.sbr
c:\git\p284\code\imag-code-p284\imag_source\visa\cpp\mimeconverter\clearcanvas\dicom\codec\jpeg\libijg12\x64\release\jdlossy.sbr
c:\git\p284\code\imag-code-p284\imag_source\visa\cpp\mimeconverter\clearcanvas\dicom\codec\jpeg\libijg12\x64\release\jdlossy.obj
c:\git\p284\code\imag-code-p284\imag_source\visa\cpp\mimeconverter\clearcanvas\dicom\codec\jpeg\libijg12\x64\release\jdlossls.obj
c:\git\p284\code\imag-code-p284\imag_source\visa\cpp\mimeconverter\clearcanvas\dicom\codec\jpeg\libijg12\x64\release\jdlhuff.obj
c:\git\p284\code\imag-code-p284\imag_source\visa\cpp\mimeconverter\clearcanvas\dicom\codec\jpeg\libijg12\x64\release\jdinput.obj
c:\git\p284\code\imag-code-p284\imag_source\visa\cpp\mimeconverter\clearcanvas\dicom\codec\jpeg\libijg12\x64\release\jdhuff.obj
c:\git\p284\code\imag-code-p284\imag_source\visa\cpp\mimeconverter\clearcanvas\dicom\codec\jpeg\libijg12\x64\release\jddiffct.obj
c:\git\p284\code\imag-code-p284\imag_source\visa\cpp\mimeconverter\clearcanvas\dicom\codec\jpeg\libijg12\x64\release\jddctmgr.obj
c:\git\p284\code\imag-code-p284\imag_source\visa\cpp\mimeconverter\clearcanvas\dicom\codec\jpeg\libijg12\x64\release\jdcolor.obj
c:\git\p284\code\imag-code-p284\imag_source\visa\cpp\mimeconverter\clearcanvas\dicom\codec\jpeg\libijg12\x64\release\jdcoefct.obj
c:\git\p284\code\imag-code-p284\imag_source\visa\cpp\mimeconverter\clearcanvas\dicom\codec\jpeg\libijg12\x64\release\jdatasrc.obj
c:\git\p284\code\imag-code-p284\imag_source\visa\cpp\mimeconverter\clearcanvas\dicom\codec\jpeg\libijg12\x64\release\jdatadst.obj
c:\git\p284\code\imag-code-p284\imag_source\visa\cpp\mimeconverter\clearcanvas\dicom\codec\jpeg\libijg12\x64\release\jdarith.obj
c:\git\p284\code\imag-code-p284\imag_source\visa\cpp\mimeconverter\clearcanvas\dicom\codec\jpeg\libijg12\x64\release\jdapistd.obj
c:\git\p284\code\imag-code-p284\imag_source\visa\cpp\mimeconverter\clearcanvas\dicom\codec\jpeg\libijg12\x64\release\jdapimin.obj
c:\git\p284\code\imag-code-p284\imag_source\visa\cpp\mimeconverter\clearcanvas\dicom\codec\jpeg\libijg12\x64\release\jctrans.obj
c:\git\p284\code\imag-code-p284\imag_source\visa\cpp\mimeconverter\clearcanvas\dicom\codec\jpeg\libijg12\x64\release\jcshuff.obj
c:\git\p284\code\imag-code-p284\imag_source\visa\cpp\mimeconverter\clearcanvas\dicom\codec\jpeg\libijg12\x64\release\jcscale.obj
c:\git\p284\code\imag-code-p284\imag_source\visa\cpp\mimeconverter\clearcanvas\dicom\codec\jpeg\libijg12\x64\release\jcsample.obj
c:\git\p284\code\imag-code-p284\imag_source\visa\cpp\mimeconverter\clearcanvas\dicom\codec\jpeg\libijg12\x64\release\jcprepct.obj
c:\git\p284\code\imag-code-p284\imag_source\visa\cpp\mimeconverter\clearcanvas\dicom\codec\jpeg\libijg12\x64\release\jcpred.obj
c:\git\p284\code\imag-code-p284\imag_source\visa\cpp\mimeconverter\clearcanvas\dicom\codec\jpeg\libijg12\x64\release\jdmainct.sbr
c:\git\p284\code\imag-code-p284\imag_source\visa\cpp\mimeconverter\clearcanvas\dicom\codec\jpeg\libijg12\x64\release\jdmarker.sbr
c:\git\p284\code\imag-code-p284\imag_source\visa\cpp\mimeconverter\clearcanvas\dicom\codec\jpeg\libijg12\x64\release\jdmaster.sbr
c:\git\p284\code\imag-code-p284\imag_source\visa\cpp\mimeconverter\clearcanvas\dicom\codec\jpeg\libijg12\x64\release\jdmerge.sbr
c:\git\p284\code\imag-code-p284\imag_source\visa\cpp\mimeconverter\clearcanvas\dicom\codec\jpeg\libijg12\x64\release\jdphuff.sbr
c:\git\p284\code\imag-code-p284\imag_source\visa\cpp\mimeconverter\clearcanvas\dicom\codec\jpeg\libijg12\x64\release\jdpostct.sbr
c:\git\p284\code\imag-code-p284\imag_source\visa\cpp\mimeconverter\clearcanvas\dicom\codec\jpeg\libijg12\x64\release\jdpred.sbr
c:\git\p284\code\imag-code-p284\imag_source\visa\cpp\mimeconverter\clearcanvas\dicom\codec\jpeg\libijg12\x64\release\jdsample.sbr
c:\git\p284\code\imag-code-p284\imag_source\visa\cpp\mimeconverter\clearcanvas\dicom\codec\jpeg\libijg12\x64\release\jdscale.sbr
c:\git\p284\code\imag-code-p284\imag_source\visa\cpp\mimeconverter\clearcanvas\dicom\codec\jpeg\libijg12\x64\release\jdshuff.sbr
c:\git\p284\code\imag-code-p284\imag_source\visa\cpp\mimeconverter\clearcanvas\dicom\codec\jpeg\libijg12\x64\release\jdtrans.sbr
c:\git\p284\code\imag-code-p284\imag_source\visa\cpp\mimeconverter\clearcanvas\dicom\codec\jpeg\libijg12\x64\release\jerror.sbr
c:\git\p284\code\imag-code-p284\imag_source\visa\cpp\mimeconverter\clearcanvas\dicom\codec\jpeg\libijg12\x64\release\jfdctflt.sbr
c:\git\p284\code\imag-code-p284\imag_source\visa\cpp\mimeconverter\clearcanvas\dicom\codec\jpeg\libijg12\x64\release\jfdctfst.sbr
c:\git\p284\code\imag-code-p284\imag_source\visa\cpp\mimeconverter\clearcanvas\dicom\codec\jpeg\libijg12\x64\release\jfdctint.sbr
c:\git\p284\code\imag-code-p284\imag_source\visa\cpp\mimeconverter\clearcanvas\dicom\codec\jpeg\libijg12\x64\release\jidctflt.sbr
c:\git\p284\code\imag-code-p284\imag_source\visa\cpp\mimeconverter\clearcanvas\dicom\codec\jpeg\libijg12\x64\release\jidctfst.sbr
c:\git\p284\code\imag-code-p284\imag_source\visa\cpp\mimeconverter\clearcanvas\dicom\codec\jpeg\libijg12\x64\release\jidctint.sbr
c:\git\p284\code\imag-code-p284\imag_source\visa\cpp\mimeconverter\clearcanvas\dicom\codec\jpeg\libijg12\x64\release\jidctred.sbr
c:\git\p284\code\imag-code-p284\imag_source\visa\cpp\mimeconverter\clearcanvas\dicom\codec\jpeg\libijg12\x64\release\jmemmgr.sbr
c:\git\p284\code\imag-code-p284\imag_source\visa\cpp\mimeconverter\clearcanvas\dicom\codec\jpeg\libijg12\x64\release\jmemmgr.obj
c:\git\p284\code\imag-code-p284\imag_source\visa\cpp\mimeconverter\clearcanvas\dicom\codec\jpeg\libijg12\x64\release\jidctred.obj
c:\git\p284\code\imag-code-p284\imag_source\visa\cpp\mimeconverter\clearcanvas\dicom\codec\jpeg\libijg12\x64\release\jidctint.obj
c:\git\p284\code\imag-code-p284\imag_source\visa\cpp\mimeconverter\clearcanvas\dicom\codec\jpeg\libijg12\x64\release\jidctfst.obj
c:\git\p284\code\imag-code-p284\imag_source\visa\cpp\mimeconverter\clearcanvas\dicom\codec\jpeg\libijg12\x64\release\jidctflt.obj
c:\git\p284\code\imag-code-p284\imag_source\visa\cpp\mimeconverter\clearcanvas\dicom\codec\jpeg\libijg12\x64\release\jfdctint.obj
c:\git\p284\code\imag-code-p284\imag_source\visa\cpp\mimeconverter\clearcanvas\dicom\codec\jpeg\libijg12\x64\release\jfdctfst.obj
c:\git\p284\code\imag-code-p284\imag_source\visa\cpp\mimeconverter\clearcanvas\dicom\codec\jpeg\libijg12\x64\release\jfdctflt.obj
c:\git\p284\code\imag-code-p284\imag_source\visa\cpp\mimeconverter\clearcanvas\dicom\codec\jpeg\libijg12\x64\release\jerror.obj
c:\git\p284\code\imag-code-p284\imag_source\visa\cpp\mimeconverter\clearcanvas\dicom\codec\jpeg\libijg12\x64\release\jdtrans.obj
c:\git\p284\code\imag-code-p284\imag_source\visa\cpp\mimeconverter\clearcanvas\dicom\codec\jpeg\libijg12\x64\release\jdshuff.obj
c:\git\p284\code\imag-code-p284\imag_source\visa\cpp\mimeconverter\clearcanvas\dicom\codec\jpeg\libijg12\x64\release\jdscale.obj
c:\git\p284\code\imag-code-p284\imag_source\visa\cpp\mimeconverter\clearcanvas\dicom\codec\jpeg\libijg12\x64\release\jdsample.obj
c:\git\p284\code\imag-code-p284\imag_source\visa\cpp\mimeconverter\clearcanvas\dicom\codec\jpeg\libijg12\x64\release\jdpred.obj
c:\git\p284\code\imag-code-p284\imag_source\visa\cpp\mimeconverter\clearcanvas\dicom\codec\jpeg\libijg12\x64\release\jdpostct.obj
c:\git\p284\code\imag-code-p284\imag_source\visa\cpp\mimeconverter\clearcanvas\dicom\codec\jpeg\libijg12\x64\release\jdphuff.obj
c:\git\p284\code\imag-code-p284\imag_source\visa\cpp\mimeconverter\clearcanvas\dicom\codec\jpeg\libijg12\x64\release\jdmerge.obj
c:\git\p284\code\imag-code-p284\imag_source\visa\cpp\mimeconverter\clearcanvas\dicom\codec\jpeg\libijg12\x64\release\jdmaster.obj
c:\git\p284\code\imag-code-p284\imag_source\visa\cpp\mimeconverter\clearcanvas\dicom\codec\jpeg\libijg12\x64\release\jdmarker.obj
c:\git\p284\code\imag-code-p284\imag_source\visa\cpp\mimeconverter\clearcanvas\dicom\codec\jpeg\libijg12\x64\release\jdmainct.obj
c:\git\p284\code\imag-code-p284\imag_source\visa\cpp\mimeconverter\clearcanvas\dicom\codec\jpeg\libijg12\x64\release\jmemnobs.sbr
c:\git\p284\code\imag-code-p284\imag_source\visa\cpp\mimeconverter\clearcanvas\dicom\codec\jpeg\libijg12\x64\release\jquant1.sbr
c:\git\p284\code\imag-code-p284\imag_source\visa\cpp\mimeconverter\clearcanvas\dicom\codec\jpeg\libijg12\x64\release\jquant2.sbr
c:\git\p284\code\imag-code-p284\imag_source\visa\cpp\mimeconverter\clearcanvas\dicom\codec\jpeg\libijg12\x64\release\jutils.sbr
c:\git\p284\code\imag-code-p284\imag_source\visa\cpp\mimeconverter\clearcanvas\dicom\codec\jpeg\libijg12\x64\release\jutils.obj
c:\git\p284\code\imag-code-p284\imag_source\visa\cpp\mimeconverter\clearcanvas\dicom\codec\jpeg\libijg12\x64\release\jquant2.obj
c:\git\p284\code\imag-code-p284\imag_source\visa\cpp\mimeconverter\clearcanvas\dicom\codec\jpeg\libijg12\x64\release\jquant1.obj
c:\git\p284\code\imag-code-p284\imag_source\visa\cpp\mimeconverter\clearcanvas\dicom\codec\jpeg\libijg12\x64\release\jmemnobs.obj
c:\git3\imag-code\imag_source\visa\dotnet\mimeconverter\clearcanvas\dicom\codec\jpeg\libijg12\x64\release\libijg12.pdb
c:\git3\imag-code\imag_source\visa\dotnet\mimeconverter\clearcanvas\dicom\codec\jpeg\libijg12\x64\release\jaricom.sbr
c:\git3\imag-code\imag_source\visa\dotnet\mimeconverter\clearcanvas\dicom\codec\jpeg\libijg12\x64\release\jcapimin.sbr
c:\git3\imag-code\imag_source\visa\dotnet\mimeconverter\clearcanvas\dicom\codec\jpeg\libijg12\x64\release\jcapistd.sbr
c:\git3\imag-code\imag_source\visa\dotnet\mimeconverter\clearcanvas\dicom\codec\jpeg\libijg12\x64\release\jcarith.sbr
c:\git3\imag-code\imag_source\visa\dotnet\mimeconverter\clearcanvas\dicom\codec\jpeg\libijg12\x64\release\jccoefct.sbr
c:\git3\imag-code\imag_source\visa\dotnet\mimeconverter\clearcanvas\dicom\codec\jpeg\libijg12\x64\release\jccolor.sbr
c:\git3\imag-code\imag_source\visa\dotnet\mimeconverter\clearcanvas\dicom\codec\jpeg\libijg12\x64\release\jcdctmgr.sbr
c:\git3\imag-code\imag_source\visa\dotnet\mimeconverter\clearcanvas\dicom\codec\jpeg\libijg12\x64\release\jcdiffct.sbr
c:\git3\imag-code\imag_source\visa\dotnet\mimeconverter\clearcanvas\dicom\codec\jpeg\libijg12\x64\release\jchuff.sbr
c:\git3\imag-code\imag_source\visa\dotnet\mimeconverter\clearcanvas\dicom\codec\jpeg\libijg12\x64\release\jcinit.sbr
c:\git3\imag-code\imag_source\visa\dotnet\mimeconverter\clearcanvas\dicom\codec\jpeg\libijg12\x64\release\jclhuff.sbr
c:\git3\imag-code\imag_source\visa\dotnet\mimeconverter\clearcanvas\dicom\codec\jpeg\libijg12\x64\release\jclossls.sbr
c:\git3\imag-code\imag_source\visa\dotnet\mimeconverter\clearcanvas\dicom\codec\jpeg\libijg12\x64\release\jclossy.sbr
c:\git3\imag-code\imag_source\visa\dotnet\mimeconverter\clearcanvas\dicom\codec\jpeg\libijg12\x64\release\jcmainct.sbr
c:\git3\imag-code\imag_source\visa\dotnet\mimeconverter\clearcanvas\dicom\codec\jpeg\libijg12\x64\release\jcmarker.sbr
c:\git3\imag-code\imag_source\visa\dotnet\mimeconverter\clearcanvas\dicom\codec\jpeg\libijg12\x64\release\jcmaster.sbr
c:\git3\imag-code\imag_source\visa\dotnet\mimeconverter\clearcanvas\dicom\codec\jpeg\libijg12\x64\release\jcodec.sbr
c:\git3\imag-code\imag_source\visa\dotnet\mimeconverter\clearcanvas\dicom\codec\jpeg\libijg12\x64\release\jcomapi.sbr
c:\git3\imag-code\imag_source\visa\dotnet\mimeconverter\clearcanvas\dicom\codec\jpeg\libijg12\x64\release\jcparam.sbr
c:\git3\imag-code\imag_source\visa\dotnet\mimeconverter\clearcanvas\dicom\codec\jpeg\libijg12\x64\release\jcphuff.sbr
c:\git3\imag-code\imag_source\visa\dotnet\mimeconverter\clearcanvas\dicom\codec\jpeg\libijg12\x64\release\jcphuff.obj
c:\git3\imag-code\imag_source\visa\dotnet\mimeconverter\clearcanvas\dicom\codec\jpeg\libijg12\x64\release\jcparam.obj
c:\git3\imag-code\imag_source\visa\dotnet\mimeconverter\clearcanvas\dicom\codec\jpeg\libijg12\x64\release\jcomapi.obj
c:\git3\imag-code\imag_source\visa\dotnet\mimeconverter\clearcanvas\dicom\codec\jpeg\libijg12\x64\release\jcodec.obj
c:\git3\imag-code\imag_source\visa\dotnet\mimeconverter\clearcanvas\dicom\codec\jpeg\libijg12\x64\release\jcmaster.obj
c:\git3\imag-code\imag_source\visa\dotnet\mimeconverter\clearcanvas\dicom\codec\jpeg\libijg12\x64\release\jcmarker.obj
c:\git3\imag-code\imag_source\visa\dotnet\mimeconverter\clearcanvas\dicom\codec\jpeg\libijg12\x64\release\jcmainct.obj
c:\git3\imag-code\imag_source\visa\dotnet\mimeconverter\clearcanvas\dicom\codec\jpeg\libijg12\x64\release\jclossy.obj
c:\git3\imag-code\imag_source\visa\dotnet\mimeconverter\clearcanvas\dicom\codec\jpeg\libijg12\x64\release\jclossls.obj
c:\git3\imag-code\imag_source\visa\dotnet\mimeconverter\clearcanvas\dicom\codec\jpeg\libijg12\x64\release\jclhuff.obj
c:\git3\imag-code\imag_source\visa\dotnet\mimeconverter\clearcanvas\dicom\codec\jpeg\libijg12\x64\release\jcinit.obj
c:\git3\imag-code\imag_source\visa\dotnet\mimeconverter\clearcanvas\dicom\codec\jpeg\libijg12\x64\release\jchuff.obj
c:\git3\imag-code\imag_source\visa\dotnet\mimeconverter\clearcanvas\dicom\codec\jpeg\libijg12\x64\release\jcdiffct.obj
c:\git3\imag-code\imag_source\visa\dotnet\mimeconverter\clearcanvas\dicom\codec\jpeg\libijg12\x64\release\jcdctmgr.obj
c:\git3\imag-code\imag_source\visa\dotnet\mimeconverter\clearcanvas\dicom\codec\jpeg\libijg12\x64\release\jccolor.obj
c:\git3\imag-code\imag_source\visa\dotnet\mimeconverter\clearcanvas\dicom\codec\jpeg\libijg12\x64\release\jccoefct.obj
c:\git3\imag-code\imag_source\visa\dotnet\mimeconverter\clearcanvas\dicom\codec\jpeg\libijg12\x64\release\jcarith.obj
c:\git3\imag-code\imag_source\visa\dotnet\mimeconverter\clearcanvas\dicom\codec\jpeg\libijg12\x64\release\jcapistd.obj
c:\git3\imag-code\imag_source\visa\dotnet\mimeconverter\clearcanvas\dicom\codec\jpeg\libijg12\x64\release\jcapimin.obj
c:\git3\imag-code\imag_source\visa\dotnet\mimeconverter\clearcanvas\dicom\codec\jpeg\libijg12\x64\release\jaricom.obj
c:\git3\imag-code\imag_source\visa\dotnet\mimeconverter\clearcanvas\dicom\codec\jpeg\libijg12\x64\release\jcpred.sbr
c:\git3\imag-code\imag_source\visa\dotnet\mimeconverter\clearcanvas\dicom\codec\jpeg\libijg12\x64\release\jcprepct.sbr
c:\git3\imag-code\imag_source\visa\dotnet\mimeconverter\clearcanvas\dicom\codec\jpeg\libijg12\x64\release\jcsample.sbr
c:\git3\imag-code\imag_source\visa\dotnet\mimeconverter\clearcanvas\dicom\codec\jpeg\libijg12\x64\release\jcscale.sbr
c:\git3\imag-code\imag_source\visa\dotnet\mimeconverter\clearcanvas\dicom\codec\jpeg\libijg12\x64\release\jcshuff.sbr
c:\git3\imag-code\imag_source\visa\dotnet\mimeconverter\clearcanvas\dicom\codec\jpeg\libijg12\x64\release\jctrans.sbr
c:\git3\imag-code\imag_source\visa\dotnet\mimeconverter\clearcanvas\dicom\codec\jpeg\libijg12\x64\release\jdapimin.sbr
c:\git3\imag-code\imag_source\visa\dotnet\mimeconverter\clearcanvas\dicom\codec\jpeg\libijg12\x64\release\jdapistd.sbr
c:\git3\imag-code\imag_source\visa\dotnet\mimeconverter\clearcanvas\dicom\codec\jpeg\libijg12\x64\release\jdarith.sbr
c:\git3\imag-code\imag_source\visa\dotnet\mimeconverter\clearcanvas\dicom\codec\jpeg\libijg12\x64\release\jdatadst.sbr
c:\git3\imag-code\imag_source\visa\dotnet\mimeconverter\clearcanvas\dicom\codec\jpeg\libijg12\x64\release\jdatasrc.sbr
c:\git3\imag-code\imag_source\visa\dotnet\mimeconverter\clearcanvas\dicom\codec\jpeg\libijg12\x64\release\jdcoefct.sbr
c:\git3\imag-code\imag_source\visa\dotnet\mimeconverter\clearcanvas\dicom\codec\jpeg\libijg12\x64\release\jdcolor.sbr
c:\git3\imag-code\imag_source\visa\dotnet\mimeconverter\clearcanvas\dicom\codec\jpeg\libijg12\x64\release\jddctmgr.sbr
c:\git3\imag-code\imag_source\visa\dotnet\mimeconverter\clearcanvas\dicom\codec\jpeg\libijg12\x64\release\jddiffct.sbr
c:\git3\imag-code\imag_source\visa\dotnet\mimeconverter\clearcanvas\dicom\codec\jpeg\libijg12\x64\release\jdhuff.sbr
c:\git3\imag-code\imag_source\visa\dotnet\mimeconverter\clearcanvas\dicom\codec\jpeg\libijg12\x64\release\jdinput.sbr
c:\git3\imag-code\imag_source\visa\dotnet\mimeconverter\clearcanvas\dicom\codec\jpeg\libijg12\x64\release\jdlhuff.sbr
c:\git3\imag-code\imag_source\visa\dotnet\mimeconverter\clearcanvas\dicom\codec\jpeg\libijg12\x64\release\jdlossls.sbr
c:\git3\imag-code\imag_source\visa\dotnet\mimeconverter\clearcanvas\dicom\codec\jpeg\libijg12\x64\release\jdlossy.sbr
c:\git3\imag-code\imag_source\visa\dotnet\mimeconverter\clearcanvas\dicom\codec\jpeg\libijg12\x64\release\jdlossy.obj
c:\git3\imag-code\imag_source\visa\dotnet\mimeconverter\clearcanvas\dicom\codec\jpeg\libijg12\x64\release\jdlossls.obj
c:\git3\imag-code\imag_source\visa\dotnet\mimeconverter\clearcanvas\dicom\codec\jpeg\libijg12\x64\release\jdlhuff.obj
c:\git3\imag-code\imag_source\visa\dotnet\mimeconverter\clearcanvas\dicom\codec\jpeg\libijg12\x64\release\jdinput.obj
c:\git3\imag-code\imag_source\visa\dotnet\mimeconverter\clearcanvas\dicom\codec\jpeg\libijg12\x64\release\jdhuff.obj
c:\git3\imag-code\imag_source\visa\dotnet\mimeconverter\clearcanvas\dicom\codec\jpeg\libijg12\x64\release\jddiffct.obj
c:\git3\imag-code\imag_source\visa\dotnet\mimeconverter\clearcanvas\dicom\codec\jpeg\libijg12\x64\release\jddctmgr.obj
c:\git3\imag-code\imag_source\visa\dotnet\mimeconverter\clearcanvas\dicom\codec\jpeg\libijg12\x64\release\jdcolor.obj
c:\git3\imag-code\imag_source\visa\dotnet\mimeconverter\clearcanvas\dicom\codec\jpeg\libijg12\x64\release\jdcoefct.obj
c:\git3\imag-code\imag_source\visa\dotnet\mimeconverter\clearcanvas\dicom\codec\jpeg\libijg12\x64\release\jdatasrc.obj
c:\git3\imag-code\imag_source\visa\dotnet\mimeconverter\clearcanvas\dicom\codec\jpeg\libijg12\x64\release\jdatadst.obj
c:\git3\imag-code\imag_source\visa\dotnet\mimeconverter\clearcanvas\dicom\codec\jpeg\libijg12\x64\release\jdarith.obj
c:\git3\imag-code\imag_source\visa\dotnet\mimeconverter\clearcanvas\dicom\codec\jpeg\libijg12\x64\release\jdapistd.obj
c:\git3\imag-code\imag_source\visa\dotnet\mimeconverter\clearcanvas\dicom\codec\jpeg\libijg12\x64\release\jdapimin.obj
c:\git3\imag-code\imag_source\visa\dotnet\mimeconverter\clearcanvas\dicom\codec\jpeg\libijg12\x64\release\jctrans.obj
c:\git3\imag-code\imag_source\visa\dotnet\mimeconverter\clearcanvas\dicom\codec\jpeg\libijg12\x64\release\jcshuff.obj
c:\git3\imag-code\imag_source\visa\dotnet\mimeconverter\clearcanvas\dicom\codec\jpeg\libijg12\x64\release\jcscale.obj
c:\git3\imag-code\imag_source\visa\dotnet\mimeconverter\clearcanvas\dicom\codec\jpeg\libijg12\x64\release\jcsample.obj
c:\git3\imag-code\imag_source\visa\dotnet\mimeconverter\clearcanvas\dicom\codec\jpeg\libijg12\x64\release\jcprepct.obj
c:\git3\imag-code\imag_source\visa\dotnet\mimeconverter\clearcanvas\dicom\codec\jpeg\libijg12\x64\release\jcpred.obj
c:\git3\imag-code\imag_source\visa\dotnet\mimeconverter\clearcanvas\dicom\codec\jpeg\libijg12\x64\release\jdmainct.sbr
c:\git3\imag-code\imag_source\visa\dotnet\mimeconverter\clearcanvas\dicom\codec\jpeg\libijg12\x64\release\jdmarker.sbr
c:\git3\imag-code\imag_source\visa\dotnet\mimeconverter\clearcanvas\dicom\codec\jpeg\libijg12\x64\release\jdmaster.sbr
c:\git3\imag-code\imag_source\visa\dotnet\mimeconverter\clearcanvas\dicom\codec\jpeg\libijg12\x64\release\jdmerge.sbr
c:\git3\imag-code\imag_source\visa\dotnet\mimeconverter\clearcanvas\dicom\codec\jpeg\libijg12\x64\release\jdphuff.sbr
c:\git3\imag-code\imag_source\visa\dotnet\mimeconverter\clearcanvas\dicom\codec\jpeg\libijg12\x64\release\jdpostct.sbr
c:\git3\imag-code\imag_source\visa\dotnet\mimeconverter\clearcanvas\dicom\codec\jpeg\libijg12\x64\release\jdpred.sbr
c:\git3\imag-code\imag_source\visa\dotnet\mimeconverter\clearcanvas\dicom\codec\jpeg\libijg12\x64\release\jdsample.sbr
c:\git3\imag-code\imag_source\visa\dotnet\mimeconverter\clearcanvas\dicom\codec\jpeg\libijg12\x64\release\jdscale.sbr
c:\git3\imag-code\imag_source\visa\dotnet\mimeconverter\clearcanvas\dicom\codec\jpeg\libijg12\x64\release\jdshuff.sbr
c:\git3\imag-code\imag_source\visa\dotnet\mimeconverter\clearcanvas\dicom\codec\jpeg\libijg12\x64\release\jdtrans.sbr
c:\git3\imag-code\imag_source\visa\dotnet\mimeconverter\clearcanvas\dicom\codec\jpeg\libijg12\x64\release\jerror.sbr
c:\git3\imag-code\imag_source\visa\dotnet\mimeconverter\clearcanvas\dicom\codec\jpeg\libijg12\x64\release\jfdctflt.sbr
c:\git3\imag-code\imag_source\visa\dotnet\mimeconverter\clearcanvas\dicom\codec\jpeg\libijg12\x64\release\jfdctfst.sbr
c:\git3\imag-code\imag_source\visa\dotnet\mimeconverter\clearcanvas\dicom\codec\jpeg\libijg12\x64\release\jfdctint.sbr
c:\git3\imag-code\imag_source\visa\dotnet\mimeconverter\clearcanvas\dicom\codec\jpeg\libijg12\x64\release\jidctflt.sbr
c:\git3\imag-code\imag_source\visa\dotnet\mimeconverter\clearcanvas\dicom\codec\jpeg\libijg12\x64\release\jidctfst.sbr
c:\git3\imag-code\imag_source\visa\dotnet\mimeconverter\clearcanvas\dicom\codec\jpeg\libijg12\x64\release\jidctint.sbr
c:\git3\imag-code\imag_source\visa\dotnet\mimeconverter\clearcanvas\dicom\codec\jpeg\libijg12\x64\release\jidctred.sbr
c:\git3\imag-code\imag_source\visa\dotnet\mimeconverter\clearcanvas\dicom\codec\jpeg\libijg12\x64\release\jmemmgr.sbr
c:\git3\imag-code\imag_source\visa\dotnet\mimeconverter\clearcanvas\dicom\codec\jpeg\libijg12\x64\release\jmemmgr.obj
c:\git3\imag-code\imag_source\visa\dotnet\mimeconverter\clearcanvas\dicom\codec\jpeg\libijg12\x64\release\jidctred.obj
c:\git3\imag-code\imag_source\visa\dotnet\mimeconverter\clearcanvas\dicom\codec\jpeg\libijg12\x64\release\jidctint.obj
c:\git3\imag-code\imag_source\visa\dotnet\mimeconverter\clearcanvas\dicom\codec\jpeg\libijg12\x64\release\jidctfst.obj
c:\git3\imag-code\imag_source\visa\dotnet\mimeconverter\clearcanvas\dicom\codec\jpeg\libijg12\x64\release\jidctflt.obj
c:\git3\imag-code\imag_source\visa\dotnet\mimeconverter\clearcanvas\dicom\codec\jpeg\libijg12\x64\release\jfdctint.obj
c:\git3\imag-code\imag_source\visa\dotnet\mimeconverter\clearcanvas\dicom\codec\jpeg\libijg12\x64\release\jfdctfst.obj
c:\git3\imag-code\imag_source\visa\dotnet\mimeconverter\clearcanvas\dicom\codec\jpeg\libijg12\x64\release\jfdctflt.obj
c:\git3\imag-code\imag_source\visa\dotnet\mimeconverter\clearcanvas\dicom\codec\jpeg\libijg12\x64\release\jerror.obj
c:\git3\imag-code\imag_source\visa\dotnet\mimeconverter\clearcanvas\dicom\codec\jpeg\libijg12\x64\release\jdtrans.obj
c:\git3\imag-code\imag_source\visa\dotnet\mimeconverter\clearcanvas\dicom\codec\jpeg\libijg12\x64\release\jdshuff.obj
c:\git3\imag-code\imag_source\visa\dotnet\mimeconverter\clearcanvas\dicom\codec\jpeg\libijg12\x64\release\jdscale.obj
c:\git3\imag-code\imag_source\visa\dotnet\mimeconverter\clearcanvas\dicom\codec\jpeg\libijg12\x64\release\jdsample.obj
c:\git3\imag-code\imag_source\visa\dotnet\mimeconverter\clearcanvas\dicom\codec\jpeg\libijg12\x64\release\jdpred.obj
c:\git3\imag-code\imag_source\visa\dotnet\mimeconverter\clearcanvas\dicom\codec\jpeg\libijg12\x64\release\jdpostct.obj
c:\git3\imag-code\imag_source\visa\dotnet\mimeconverter\clearcanvas\dicom\codec\jpeg\libijg12\x64\release\jdphuff.obj
c:\git3\imag-code\imag_source\visa\dotnet\mimeconverter\clearcanvas\dicom\codec\jpeg\libijg12\x64\release\jdmerge.obj
c:\git3\imag-code\imag_source\visa\dotnet\mimeconverter\clearcanvas\dicom\codec\jpeg\libijg12\x64\release\jdmaster.obj
c:\git3\imag-code\imag_source\visa\dotnet\mimeconverter\clearcanvas\dicom\codec\jpeg\libijg12\x64\release\jdmarker.obj
c:\git3\imag-code\imag_source\visa\dotnet\mimeconverter\clearcanvas\dicom\codec\jpeg\libijg12\x64\release\jdmainct.obj
c:\git3\imag-code\imag_source\visa\dotnet\mimeconverter\clearcanvas\dicom\codec\jpeg\libijg12\x64\release\jmemnobs.sbr
c:\git3\imag-code\imag_source\visa\dotnet\mimeconverter\clearcanvas\dicom\codec\jpeg\libijg12\x64\release\jquant1.sbr
c:\git3\imag-code\imag_source\visa\dotnet\mimeconverter\clearcanvas\dicom\codec\jpeg\libijg12\x64\release\jquant2.sbr
c:\git3\imag-code\imag_source\visa\dotnet\mimeconverter\clearcanvas\dicom\codec\jpeg\libijg12\x64\release\jutils.sbr
c:\git3\imag-code\imag_source\visa\dotnet\mimeconverter\clearcanvas\dicom\codec\jpeg\libijg12\x64\release\jutils.obj
c:\git3\imag-code\imag_source\visa\dotnet\mimeconverter\clearcanvas\dicom\codec\jpeg\libijg12\x64\release\jquant2.obj
c:\git3\imag-code\imag_source\visa\dotnet\mimeconverter\clearcanvas\dicom\codec\jpeg\libijg12\x64\release\jquant1.obj
c:\git3\imag-code\imag_source\visa\dotnet\mimeconverter\clearcanvas\dicom\codec\jpeg\libijg12\x64\release\jmemnobs.obj
c:\git\p284\code\imag-code-p284\imag_source\visa\cpp\mimeconverter\clearcanvas\dicom\codec\jpeg\libijg12\x64\release\libijg12.lib
c:\git3\imag-code\imag_source\visa\dotnet\mimeconverter\clearcanvas\dicom\codec\jpeg\libijg12\x64\release\libijg12.lib
c:\git3\p269-485\imag_source\visa\dotnet\vixviewer\mimeconverter\clearcanvas\dicom\codec\jpeg\libijg12\x64\release\jaricom.obj
c:\git3\p269-485\imag_source\visa\dotnet\vixviewer\mimeconverter\clearcanvas\dicom\codec\jpeg\libijg12\x64\release\jcapimin.obj
c:\git3\p269-485\imag_source\visa\dotnet\vixviewer\mimeconverter\clearcanvas\dicom\codec\jpeg\libijg12\x64\release\jcapistd.obj
c:\git3\p269-485\imag_source\visa\dotnet\vixviewer\mimeconverter\clearcanvas\dicom\codec\jpeg\libijg12\x64\release\jcarith.obj
c:\git3\p269-485\imag_source\visa\dotnet\vixviewer\mimeconverter\clearcanvas\dicom\codec\jpeg\libijg12\x64\release\jccoefct.obj
c:\git3\p269-485\imag_source\visa\dotnet\vixviewer\mimeconverter\clearcanvas\dicom\codec\jpeg\libijg12\x64\release\jccolor.obj
c:\git3\p269-485\imag_source\visa\dotnet\vixviewer\mimeconverter\clearcanvas\dicom\codec\jpeg\libijg12\x64\release\jcdctmgr.obj
c:\git3\p269-485\imag_source\visa\dotnet\vixviewer\mimeconverter\clearcanvas\dicom\codec\jpeg\libijg12\x64\release\jcdiffct.obj
c:\git3\p269-485\imag_source\visa\dotnet\vixviewer\mimeconverter\clearcanvas\dicom\codec\jpeg\libijg12\x64\release\jchuff.obj
c:\git3\p269-485\imag_source\visa\dotnet\vixviewer\mimeconverter\clearcanvas\dicom\codec\jpeg\libijg12\x64\release\jcinit.obj
c:\git3\p269-485\imag_source\visa\dotnet\vixviewer\mimeconverter\clearcanvas\dicom\codec\jpeg\libijg12\x64\release\jclhuff.obj
c:\git3\p269-485\imag_source\visa\dotnet\vixviewer\mimeconverter\clearcanvas\dicom\codec\jpeg\libijg12\x64\release\jclossls.obj
c:\git3\p269-485\imag_source\visa\dotnet\vixviewer\mimeconverter\clearcanvas\dicom\codec\jpeg\libijg12\x64\release\jclossy.obj
c:\git3\p269-485\imag_source\visa\dotnet\vixviewer\mimeconverter\clearcanvas\dicom\codec\jpeg\libijg12\x64\release\jcmainct.obj
c:\git3\p269-485\imag_source\visa\dotnet\vixviewer\mimeconverter\clearcanvas\dicom\codec\jpeg\libijg12\x64\release\jcmarker.obj
c:\git3\p269-485\imag_source\visa\dotnet\vixviewer\mimeconverter\clearcanvas\dicom\codec\jpeg\libijg12\x64\release\jcmaster.obj
c:\git3\p269-485\imag_source\visa\dotnet\vixviewer\mimeconverter\clearcanvas\dicom\codec\jpeg\libijg12\x64\release\jcodec.obj
c:\git3\p269-485\imag_source\visa\dotnet\vixviewer\mimeconverter\clearcanvas\dicom\codec\jpeg\libijg12\x64\release\jcomapi.obj
c:\git3\p269-485\imag_source\visa\dotnet\vixviewer\mimeconverter\clearcanvas\dicom\codec\jpeg\libijg12\x64\release\jcparam.obj
c:\git3\p269-485\imag_source\visa\dotnet\vixviewer\mimeconverter\clearcanvas\dicom\codec\jpeg\libijg12\x64\release\jcphuff.obj
c:\git3\p269-485\imag_source\visa\dotnet\vixviewer\mimeconverter\clearcanvas\dicom\codec\jpeg\libijg12\x64\release\jcpred.obj
c:\git3\p269-485\imag_source\visa\dotnet\vixviewer\mimeconverter\clearcanvas\dicom\codec\jpeg\libijg12\x64\release\jcprepct.obj
c:\git3\p269-485\imag_source\visa\dotnet\vixviewer\mimeconverter\clearcanvas\dicom\codec\jpeg\libijg12\x64\release\jcsample.obj
c:\git3\p269-485\imag_source\visa\dotnet\vixviewer\mimeconverter\clearcanvas\dicom\codec\jpeg\libijg12\x64\release\jcscale.obj
c:\git3\p269-485\imag_source\visa\dotnet\vixviewer\mimeconverter\clearcanvas\dicom\codec\jpeg\libijg12\x64\release\jcshuff.obj
c:\git3\p269-485\imag_source\visa\dotnet\vixviewer\mimeconverter\clearcanvas\dicom\codec\jpeg\libijg12\x64\release\jctrans.obj
c:\git3\p269-485\imag_source\visa\dotnet\vixviewer\mimeconverter\clearcanvas\dicom\codec\jpeg\libijg12\x64\release\jdapimin.obj
c:\git3\p269-485\imag_source\visa\dotnet\vixviewer\mimeconverter\clearcanvas\dicom\codec\jpeg\libijg12\x64\release\jdapistd.obj
c:\git3\p269-485\imag_source\visa\dotnet\vixviewer\mimeconverter\clearcanvas\dicom\codec\jpeg\libijg12\x64\release\jdarith.obj
c:\git3\p269-485\imag_source\visa\dotnet\vixviewer\mimeconverter\clearcanvas\dicom\codec\jpeg\libijg12\x64\release\jdatadst.obj
c:\git3\p269-485\imag_source\visa\dotnet\vixviewer\mimeconverter\clearcanvas\dicom\codec\jpeg\libijg12\x64\release\jdatasrc.obj
c:\git3\p269-485\imag_source\visa\dotnet\vixviewer\mimeconverter\clearcanvas\dicom\codec\jpeg\libijg12\x64\release\jdcoefct.obj
c:\git3\p269-485\imag_source\visa\dotnet\vixviewer\mimeconverter\clearcanvas\dicom\codec\jpeg\libijg12\x64\release\jdcolor.obj
c:\git3\p269-485\imag_source\visa\dotnet\vixviewer\mimeconverter\clearcanvas\dicom\codec\jpeg\libijg12\x64\release\jddctmgr.obj
c:\git3\p269-485\imag_source\visa\dotnet\vixviewer\mimeconverter\clearcanvas\dicom\codec\jpeg\libijg12\x64\release\jddiffct.obj
c:\git3\p269-485\imag_source\visa\dotnet\vixviewer\mimeconverter\clearcanvas\dicom\codec\jpeg\libijg12\x64\release\jdhuff.obj
c:\git3\p269-485\imag_source\visa\dotnet\vixviewer\mimeconverter\clearcanvas\dicom\codec\jpeg\libijg12\x64\release\jdinput.obj
c:\git3\p269-485\imag_source\visa\dotnet\vixviewer\mimeconverter\clearcanvas\dicom\codec\jpeg\libijg12\x64\release\jdlhuff.obj
c:\git3\p269-485\imag_source\visa\dotnet\vixviewer\mimeconverter\clearcanvas\dicom\codec\jpeg\libijg12\x64\release\jdlossls.obj
c:\git3\p269-485\imag_source\visa\dotnet\vixviewer\mimeconverter\clearcanvas\dicom\codec\jpeg\libijg12\x64\release\jdlossy.obj
c:\git3\p269-485\imag_source\visa\dotnet\vixviewer\mimeconverter\clearcanvas\dicom\codec\jpeg\libijg12\x64\release\jdmainct.obj
c:\git3\p269-485\imag_source\visa\dotnet\vixviewer\mimeconverter\clearcanvas\dicom\codec\jpeg\libijg12\x64\release\jdmarker.obj
c:\git3\p269-485\imag_source\visa\dotnet\vixviewer\mimeconverter\clearcanvas\dicom\codec\jpeg\libijg12\x64\release\jdmaster.obj
c:\git3\p269-485\imag_source\visa\dotnet\vixviewer\mimeconverter\clearcanvas\dicom\codec\jpeg\libijg12\x64\release\jdmerge.obj
c:\git3\p269-485\imag_source\visa\dotnet\vixviewer\mimeconverter\clearcanvas\dicom\codec\jpeg\libijg12\x64\release\jdphuff.obj
c:\git3\p269-485\imag_source\visa\dotnet\vixviewer\mimeconverter\clearcanvas\dicom\codec\jpeg\libijg12\x64\release\jdpostct.obj
c:\git3\p269-485\imag_source\visa\dotnet\vixviewer\mimeconverter\clearcanvas\dicom\codec\jpeg\libijg12\x64\release\jdpred.obj
c:\git3\p269-485\imag_source\visa\dotnet\vixviewer\mimeconverter\clearcanvas\dicom\codec\jpeg\libijg12\x64\release\jdsample.obj
c:\git3\p269-485\imag_source\visa\dotnet\vixviewer\mimeconverter\clearcanvas\dicom\codec\jpeg\libijg12\x64\release\jdscale.obj
c:\git3\p269-485\imag_source\visa\dotnet\vixviewer\mimeconverter\clearcanvas\dicom\codec\jpeg\libijg12\x64\release\jdshuff.obj
c:\git3\p269-485\imag_source\visa\dotnet\vixviewer\mimeconverter\clearcanvas\dicom\codec\jpeg\libijg12\x64\release\jdtrans.obj
c:\git3\p269-485\imag_source\visa\dotnet\vixviewer\mimeconverter\clearcanvas\dicom\codec\jpeg\libijg12\x64\release\jerror.obj
c:\git3\p269-485\imag_source\visa\dotnet\vixviewer\mimeconverter\clearcanvas\dicom\codec\jpeg\libijg12\x64\release\jfdctflt.obj
c:\git3\p269-485\imag_source\visa\dotnet\vixviewer\mimeconverter\clearcanvas\dicom\codec\jpeg\libijg12\x64\release\jfdctfst.obj
c:\git3\p269-485\imag_source\visa\dotnet\vixviewer\mimeconverter\clearcanvas\dicom\codec\jpeg\libijg12\x64\release\jfdctint.obj
c:\git3\p269-485\imag_source\visa\dotnet\vixviewer\mimeconverter\clearcanvas\dicom\codec\jpeg\libijg12\x64\release\jidctflt.obj
c:\git3\p269-485\imag_source\visa\dotnet\vixviewer\mimeconverter\clearcanvas\dicom\codec\jpeg\libijg12\x64\release\jidctfst.obj
c:\git3\p269-485\imag_source\visa\dotnet\vixviewer\mimeconverter\clearcanvas\dicom\codec\jpeg\libijg12\x64\release\jidctint.obj
c:\git3\p269-485\imag_source\visa\dotnet\vixviewer\mimeconverter\clearcanvas\dicom\codec\jpeg\libijg12\x64\release\jidctred.obj
c:\git3\p269-485\imag_source\visa\dotnet\vixviewer\mimeconverter\clearcanvas\dicom\codec\jpeg\libijg12\x64\release\jmemmgr.obj
c:\git3\p269-485\imag_source\visa\dotnet\vixviewer\mimeconverter\clearcanvas\dicom\codec\jpeg\libijg12\x64\release\jmemnobs.obj
c:\git3\p269-485\imag_source\visa\dotnet\vixviewer\mimeconverter\clearcanvas\dicom\codec\jpeg\libijg12\x64\release\jquant1.obj
c:\git3\p269-485\imag_source\visa\dotnet\vixviewer\mimeconverter\clearcanvas\dicom\codec\jpeg\libijg12\x64\release\jquant2.obj
c:\git3\p269-485\imag_source\visa\dotnet\vixviewer\mimeconverter\clearcanvas\dicom\codec\jpeg\libijg12\x64\release\jutils.obj
c:\git3\p269-485\imag_source\visa\dotnet\vixviewer\mimeconverter\clearcanvas\dicom\codec\jpeg\libijg12\x64\release\libijg12.pdb
c:\git3\p269-485\imag_source\visa\dotnet\vixviewer\mimeconverter\clearcanvas\dicom\codec\jpeg\libijg12\x64\release\libijg12.bsc
c:\git3\p269-485\imag_source\visa\dotnet\vixviewer\mimeconverter\clearcanvas\dicom\codec\jpeg\libijg12\x64\release\jaricom.sbr
c:\git3\p269-485\imag_source\visa\dotnet\vixviewer\mimeconverter\clearcanvas\dicom\codec\jpeg\libijg12\x64\release\jcapimin.sbr
c:\git3\p269-485\imag_source\visa\dotnet\vixviewer\mimeconverter\clearcanvas\dicom\codec\jpeg\libijg12\x64\release\jcapistd.sbr
c:\git3\p269-485\imag_source\visa\dotnet\vixviewer\mimeconverter\clearcanvas\dicom\codec\jpeg\libijg12\x64\release\jcarith.sbr
c:\git3\p269-485\imag_source\visa\dotnet\vixviewer\mimeconverter\clearcanvas\dicom\codec\jpeg\libijg12\x64\release\jccoefct.sbr
c:\git3\p269-485\imag_source\visa\dotnet\vixviewer\mimeconverter\clearcanvas\dicom\codec\jpeg\libijg12\x64\release\jccolor.sbr
c:\git3\p269-485\imag_source\visa\dotnet\vixviewer\mimeconverter\clearcanvas\dicom\codec\jpeg\libijg12\x64\release\jcdctmgr.sbr
c:\git3\p269-485\imag_source\visa\dotnet\vixviewer\mimeconverter\clearcanvas\dicom\codec\jpeg\libijg12\x64\release\jcdiffct.sbr
c:\git3\p269-485\imag_source\visa\dotnet\vixviewer\mimeconverter\clearcanvas\dicom\codec\jpeg\libijg12\x64\release\jchuff.sbr
c:\git3\p269-485\imag_source\visa\dotnet\vixviewer\mimeconverter\clearcanvas\dicom\codec\jpeg\libijg12\x64\release\jcinit.sbr
c:\git3\p269-485\imag_source\visa\dotnet\vixviewer\mimeconverter\clearcanvas\dicom\codec\jpeg\libijg12\x64\release\jclhuff.sbr
c:\git3\p269-485\imag_source\visa\dotnet\vixviewer\mimeconverter\clearcanvas\dicom\codec\jpeg\libijg12\x64\release\jclossls.sbr
c:\git3\p269-485\imag_source\visa\dotnet\vixviewer\mimeconverter\clearcanvas\dicom\codec\jpeg\libijg12\x64\release\jclossy.sbr
c:\git3\p269-485\imag_source\visa\dotnet\vixviewer\mimeconverter\clearcanvas\dicom\codec\jpeg\libijg12\x64\release\jcmainct.sbr
c:\git3\p269-485\imag_source\visa\dotnet\vixviewer\mimeconverter\clearcanvas\dicom\codec\jpeg\libijg12\x64\release\jcmarker.sbr
c:\git3\p269-485\imag_source\visa\dotnet\vixviewer\mimeconverter\clearcanvas\dicom\codec\jpeg\libijg12\x64\release\jcmaster.sbr
c:\git3\p269-485\imag_source\visa\dotnet\vixviewer\mimeconverter\clearcanvas\dicom\codec\jpeg\libijg12\x64\release\jcodec.sbr
c:\git3\p269-485\imag_source\visa\dotnet\vixviewer\mimeconverter\clearcanvas\dicom\codec\jpeg\libijg12\x64\release\jcomapi.sbr
c:\git3\p269-485\imag_source\visa\dotnet\vixviewer\mimeconverter\clearcanvas\dicom\codec\jpeg\libijg12\x64\release\jcparam.sbr
c:\git3\p269-485\imag_source\visa\dotnet\vixviewer\mimeconverter\clearcanvas\dicom\codec\jpeg\libijg12\x64\release\jcphuff.sbr
c:\git3\p269-485\imag_source\visa\dotnet\vixviewer\mimeconverter\clearcanvas\dicom\codec\jpeg\libijg12\x64\release\jcpred.sbr
c:\git3\p269-485\imag_source\visa\dotnet\vixviewer\mimeconverter\clearcanvas\dicom\codec\jpeg\libijg12\x64\release\jcprepct.sbr
c:\git3\p269-485\imag_source\visa\dotnet\vixviewer\mimeconverter\clearcanvas\dicom\codec\jpeg\libijg12\x64\release\jcsample.sbr
c:\git3\p269-485\imag_source\visa\dotnet\vixviewer\mimeconverter\clearcanvas\dicom\codec\jpeg\libijg12\x64\release\jcscale.sbr
c:\git3\p269-485\imag_source\visa\dotnet\vixviewer\mimeconverter\clearcanvas\dicom\codec\jpeg\libijg12\x64\release\jcshuff.sbr
c:\git3\p269-485\imag_source\visa\dotnet\vixviewer\mimeconverter\clearcanvas\dicom\codec\jpeg\libijg12\x64\release\jctrans.sbr
c:\git3\p269-485\imag_source\visa\dotnet\vixviewer\mimeconverter\clearcanvas\dicom\codec\jpeg\libijg12\x64\release\jdapimin.sbr
c:\git3\p269-485\imag_source\visa\dotnet\vixviewer\mimeconverter\clearcanvas\dicom\codec\jpeg\libijg12\x64\release\jdapistd.sbr
c:\git3\p269-485\imag_source\visa\dotnet\vixviewer\mimeconverter\clearcanvas\dicom\codec\jpeg\libijg12\x64\release\jdarith.sbr
c:\git3\p269-485\imag_source\visa\dotnet\vixviewer\mimeconverter\clearcanvas\dicom\codec\jpeg\libijg12\x64\release\jdatadst.sbr
c:\git3\p269-485\imag_source\visa\dotnet\vixviewer\mimeconverter\clearcanvas\dicom\codec\jpeg\libijg12\x64\release\jdatasrc.sbr
c:\git3\p269-485\imag_source\visa\dotnet\vixviewer\mimeconverter\clearcanvas\dicom\codec\jpeg\libijg12\x64\release\jdcoefct.sbr
c:\git3\p269-485\imag_source\visa\dotnet\vixviewer\mimeconverter\clearcanvas\dicom\codec\jpeg\libijg12\x64\release\jdcolor.sbr
c:\git3\p269-485\imag_source\visa\dotnet\vixviewer\mimeconverter\clearcanvas\dicom\codec\jpeg\libijg12\x64\release\jddctmgr.sbr
c:\git3\p269-485\imag_source\visa\dotnet\vixviewer\mimeconverter\clearcanvas\dicom\codec\jpeg\libijg12\x64\release\jddiffct.sbr
c:\git3\p269-485\imag_source\visa\dotnet\vixviewer\mimeconverter\clearcanvas\dicom\codec\jpeg\libijg12\x64\release\jdhuff.sbr
c:\git3\p269-485\imag_source\visa\dotnet\vixviewer\mimeconverter\clearcanvas\dicom\codec\jpeg\libijg12\x64\release\jdinput.sbr
c:\git3\p269-485\imag_source\visa\dotnet\vixviewer\mimeconverter\clearcanvas\dicom\codec\jpeg\libijg12\x64\release\jdlhuff.sbr
c:\git3\p269-485\imag_source\visa\dotnet\vixviewer\mimeconverter\clearcanvas\dicom\codec\jpeg\libijg12\x64\release\jdlossls.sbr
c:\git3\p269-485\imag_source\visa\dotnet\vixviewer\mimeconverter\clearcanvas\dicom\codec\jpeg\libijg12\x64\release\jdlossy.sbr
c:\git3\p269-485\imag_source\visa\dotnet\vixviewer\mimeconverter\clearcanvas\dicom\codec\jpeg\libijg12\x64\release\jdmainct.sbr
c:\git3\p269-485\imag_source\visa\dotnet\vixviewer\mimeconverter\clearcanvas\dicom\codec\jpeg\libijg12\x64\release\jdmarker.sbr
c:\git3\p269-485\imag_source\visa\dotnet\vixviewer\mimeconverter\clearcanvas\dicom\codec\jpeg\libijg12\x64\release\jdmaster.sbr
c:\git3\p269-485\imag_source\visa\dotnet\vixviewer\mimeconverter\clearcanvas\dicom\codec\jpeg\libijg12\x64\release\jdmerge.sbr
c:\git3\p269-485\imag_source\visa\dotnet\vixviewer\mimeconverter\clearcanvas\dicom\codec\jpeg\libijg12\x64\release\jdphuff.sbr
c:\git3\p269-485\imag_source\visa\dotnet\vixviewer\mimeconverter\clearcanvas\dicom\codec\jpeg\libijg12\x64\release\jdpostct.sbr
c:\git3\p269-485\imag_source\visa\dotnet\vixviewer\mimeconverter\clearcanvas\dicom\codec\jpeg\libijg12\x64\release\jdpred.sbr
c:\git3\p269-485\imag_source\visa\dotnet\vixviewer\mimeconverter\clearcanvas\dicom\codec\jpeg\libijg12\x64\release\jdsample.sbr
c:\git3\p269-485\imag_source\visa\dotnet\vixviewer\mimeconverter\clearcanvas\dicom\codec\jpeg\libijg12\x64\release\jdscale.sbr
c:\git3\p269-485\imag_source\visa\dotnet\vixviewer\mimeconverter\clearcanvas\dicom\codec\jpeg\libijg12\x64\release\jdshuff.sbr
c:\git3\p269-485\imag_source\visa\dotnet\vixviewer\mimeconverter\clearcanvas\dicom\codec\jpeg\libijg12\x64\release\jdtrans.sbr
c:\git3\p269-485\imag_source\visa\dotnet\vixviewer\mimeconverter\clearcanvas\dicom\codec\jpeg\libijg12\x64\release\jerror.sbr
c:\git3\p269-485\imag_source\visa\dotnet\vixviewer\mimeconverter\clearcanvas\dicom\codec\jpeg\libijg12\x64\release\jfdctflt.sbr
c:\git3\p269-485\imag_source\visa\dotnet\vixviewer\mimeconverter\clearcanvas\dicom\codec\jpeg\libijg12\x64\release\jfdctfst.sbr
c:\git3\p269-485\imag_source\visa\dotnet\vixviewer\mimeconverter\clearcanvas\dicom\codec\jpeg\libijg12\x64\release\jfdctint.sbr
c:\git3\p269-485\imag_source\visa\dotnet\vixviewer\mimeconverter\clearcanvas\dicom\codec\jpeg\libijg12\x64\release\jidctflt.sbr
c:\git3\p269-485\imag_source\visa\dotnet\vixviewer\mimeconverter\clearcanvas\dicom\codec\jpeg\libijg12\x64\release\jidctfst.sbr
c:\git3\p269-485\imag_source\visa\dotnet\vixviewer\mimeconverter\clearcanvas\dicom\codec\jpeg\libijg12\x64\release\jidctint.sbr
c:\git3\p269-485\imag_source\visa\dotnet\vixviewer\mimeconverter\clearcanvas\dicom\codec\jpeg\libijg12\x64\release\jidctred.sbr
c:\git3\p269-485\imag_source\visa\dotnet\vixviewer\mimeconverter\clearcanvas\dicom\codec\jpeg\libijg12\x64\release\jmemmgr.sbr
c:\git3\p269-485\imag_source\visa\dotnet\vixviewer\mimeconverter\clearcanvas\dicom\codec\jpeg\libijg12\x64\release\jmemnobs.sbr
c:\git3\p269-485\imag_source\visa\dotnet\vixviewer\mimeconverter\clearcanvas\dicom\codec\jpeg\libijg12\x64\release\jquant1.sbr
c:\git3\p269-485\imag_source\visa\dotnet\vixviewer\mimeconverter\clearcanvas\dicom\codec\jpeg\libijg12\x64\release\jquant2.sbr
c:\git3\p269-485\imag_source\visa\dotnet\vixviewer\mimeconverter\clearcanvas\dicom\codec\jpeg\libijg12\x64\release\jutils.sbr
c:\git3\p269-485\imag_source\visa\dotnet\vixviewer\mimeconverter\clearcanvas\dicom\codec\jpeg\libijg12\x64\release\libijg12.lib
c:\git3\p269-485\imag_source\visa\dotnet\vixviewer\mimeconverter\clearcanvas\dicom\codec\jpeg\libijg12\x64\release\libijg12.tlog\bscmake.command.1.tlog
c:\git3\p269-485\imag_source\visa\dotnet\vixviewer\mimeconverter\clearcanvas\dicom\codec\jpeg\libijg12\x64\release\libijg12.tlog\bscmake.read.1.tlog
c:\git3\p269-485\imag_source\visa\dotnet\vixviewer\mimeconverter\clearcanvas\dicom\codec\jpeg\libijg12\x64\release\libijg12.tlog\cl.command.1.tlog
c:\git3\p269-485\imag_source\visa\dotnet\vixviewer\mimeconverter\clearcanvas\dicom\codec\jpeg\libijg12\x64\release\libijg12.tlog\cl.read.1.tlog
c:\git3\p269-485\imag_source\visa\dotnet\vixviewer\mimeconverter\clearcanvas\dicom\codec\jpeg\libijg12\x64\release\libijg12.tlog\cl.write.1.tlog
c:\git3\p269-485\imag_source\visa\dotnet\vixviewer\mimeconverter\clearcanvas\dicom\codec\jpeg\libijg12\x64\release\libijg12.tlog\lib-link.read.1.tlog
c:\git3\p269-485\imag_source\visa\dotnet\vixviewer\mimeconverter\clearcanvas\dicom\codec\jpeg\libijg12\x64\release\libijg12.tlog\lib-link.write.1.tlog
c:\git3\p269-485\imag_source\visa\dotnet\vixviewer\mimeconverter\clearcanvas\dicom\codec\jpeg\libijg12\x64\release\libijg12.tlog\lib.command.1.tlog
