c:\usr\hydra4\clearcanvas\dicom\codec\jpeg2000\x64\debug\vc142.pdb
c:\usr\hydra4\clearcanvas\dicom\codec\jpeg2000\x64\debug\.netframework,version=v4.5.assemblyattributes.obj
c:\usr\hydra4\clearcanvas\dicom\codec\jpeg2000\x64\debug\dicomjpeg2000codecfactory.obj
c:\usr\hydra4\clearcanvas\dicom\codec\jpeg2000\x64\debug\dicomjpeg2000codec.obj
c:\usr\hydra4\clearcanvas\dicom\codec\jpeg2000\x64\debug\assemblyinfo.obj
c:\usr\hydra4\clearcanvas\dicom\codec\jpeg2000\x64\debug\clearcanvas.common.dll
c:\usr\hydra4\clearcanvas\dicom\codec\jpeg2000\x64\debug\clearcanvas.dicom.dll
c:\usr\hydra4\clearcanvas\dicom\codec\jpeg2000\x64\debug\log4net.dll
c:\usr\hydra4\clearcanvas\dicom\codec\jpeg2000\x64\debug\clearcanvas.common.pdb
c:\usr\hydra4\clearcanvas\dicom\codec\jpeg2000\x64\debug\clearcanvas.common.dll.config
c:\usr\hydra4\clearcanvas\dicom\codec\jpeg2000\x64\debug\clearcanvas.dicom.pdb
c:\usr\hydra4\clearcanvas\dicom\codec\jpeg2000\x64\debug\clearcanvas.dicom.dll.config
c:\usr\hydra4\clearcanvas\dicom\codec\jpeg2000\x64\debug\log4net.xml
c:\usr\hydra4\clearcanvas\dicom\codec\jpeg2000\x64\debug\clearcanvas.dicom.codec.jpeg2000.dll
c:\usr\hydra4\clearcanvas\dicom\codec\jpeg2000\x64\debug\clearcanvas.dicom.codec.jpeg2000.pdb
c:\usr\hydra4\clearcanvas\dicom\codec\jpeg2000\x64\debug\clearcan.b389f627.tlog\metagen.write.1.tlog
c:\usr\hydra4\clearcanvas\dicom\codec\jpeg2000\x64\debug\clearcan.b389f627.tlog\cl.command.1.tlog
c:\usr\hydra4\clearcanvas\dicom\codec\jpeg2000\x64\debug\clearcan.b389f627.tlog\cl.read.1.tlog
c:\usr\hydra4\clearcanvas\dicom\codec\jpeg2000\x64\debug\clearcan.b389f627.tlog\cl.write.1.tlog
c:\usr\hydra4\clearcanvas\dicom\codec\jpeg2000\x64\debug\clearcan.b389f627.tlog\copylocal.read.1u.tlog
c:\usr\hydra4\clearcanvas\dicom\codec\jpeg2000\x64\debug\clearcan.b389f627.tlog\copylocal.write.1u.tlog
c:\usr\hydra4\clearcanvas\dicom\codec\jpeg2000\x64\debug\clearcan.b389f627.tlog\link.command.1.tlog
c:\usr\hydra4\clearcanvas\dicom\codec\jpeg2000\x64\debug\clearcan.b389f627.tlog\link.read.1.tlog
c:\usr\hydra4\clearcanvas\dicom\codec\jpeg2000\x64\debug\clearcan.b389f627.tlog\link.write.1.tlog
c:\usr\hydra4\clearcanvas\dicom\codec\jpeg2000\x64\debug\clearcan.b389f627.tlog\metagen.read.1.tlog
c:\usr\hydra4\clearcanvas\dicom\codec\jpeg2000\x64\debug\clearcan.b389f627.tlog\clearcanvas.common.dll.metagen
c:\usr\hydra4\clearcanvas\dicom\codec\jpeg2000\x64\debug\clearcan.b389f627.tlog\clearcanvas.dicom.dll.metagen
